#
# There is insufficient memory for the Java Runtime Environment to continue.
# Native memory allocation (malloc) failed to allocate 723936 bytes for Chunk::new
# Possible reasons:
#   The system is out of physical RAM or swap space
#   The process is running with CompressedOops enabled, and the Java Heap may be blocking the growth of the native heap
# Possible solutions:
#   Reduce memory load on the system
#   Increase physical memory or swap space
#   Check if swap backing store is full
#   Decrease Java heap size (-Xmx/-Xms)
#   Decrease number of Java threads
#   Decrease Java thread stack sizes (-Xss)
#   Set larger code cache with -XX:ReservedCodeCacheSize=
#   JVM is running with Unscaled Compressed Oops mode in which the Java heap is
#     placed in the first 4GB address space. The Java Heap base address is the
#     maximum limit for the native heap growth. Please use -XX:HeapBaseMinAddress
#     to set the Java Heap base and to place the Java Heap above 4GB virtual address.
# This output file may be truncated or incomplete.
#
#  Out of Memory Error (arena.cpp:189), pid=2724, tid=18660
#
# JRE version: Java(TM) SE Runtime Environment (17.0.8+9) (build 17.0.8+9-LTS-211)
# Java VM: Java HotSpot(TM) 64-Bit Server VM (17.0.8+9-LTS-211, mixed mode, sharing, tiered, compressed oops, compressed class ptrs, g1 gc, windows-amd64)
# No core dump will be written. Minidumps are not enabled by default on client versions of Windows
#

---------------  S U M M A R Y ------------

Command Line: -javaagent:C:\Program Files\JetBrains\IntelliJ IDEA Community Edition 2023.2.1\lib\idea_rt.jar=59035:C:\Program Files\JetBrains\IntelliJ IDEA Community Edition 2023.2.1\bin -Dfile.encoding=UTF-8 com.anonymity.topictalks.TopicTalksBackEndApplication

Host: Intel(R) Core(TM) i7-9750H CPU @ 2.60GHz, 12 cores, 7G,  Windows 10 , 64 bit Build 19041 (10.0.19041.3570)
Time: Mon Nov 13 20:16:10 2023 SE Asia Standard Time elapsed time: 420.466267 seconds (0d 0h 7m 0s)

---------------  T H R E A D  ---------------

Current thread (0x000001907acaa4f0):  JavaThread "C2 CompilerThread0" daemon [_thread_in_native, id=18660, stack(0x00000075fd400000,0x00000075fd500000)]


Current CompileTask:
C2: 420466 14601       4       org.springframework.web.servlet.mvc.method.RequestMappingInfo::getMatchingCondition (182 bytes)

Stack: [0x00000075fd400000,0x00000075fd500000]
Native frames: (J=compiled Java code, j=interpreted, Vv=VM code, C=native code)
V  [jvm.dll+0x677d0a]
V  [jvm.dll+0x7d8c54]
V  [jvm.dll+0x7da3fe]
V  [jvm.dll+0x7daa63]
V  [jvm.dll+0x245c5f]
V  [jvm.dll+0xaaa6b]
V  [jvm.dll+0xab00c]
V  [jvm.dll+0x2ab5cf]
V  [jvm.dll+0x580435]
V  [jvm.dll+0x220b22]
V  [jvm.dll+0x219b0f]
V  [jvm.dll+0x217329]
V  [jvm.dll+0x1a3af0]
V  [jvm.dll+0x2270be]
V  [jvm.dll+0x22535b]
V  [jvm.dll+0x78e7bc]
V  [jvm.dll+0x788bba]
V  [jvm.dll+0x676b35]
C  [ucrtbase.dll+0x21bb2]
C  [KERNEL32.DLL+0x17344]
C  [ntdll.dll+0x526b1]


---------------  P R O C E S S  ---------------

Threads class SMR info:
_java_thread_list=0x0000019045e08c90, length=64, elements={
0x000001907ac917f0, 0x000001907ac92660, 0x000001907aca2250, 0x000001907aca2d10,
0x000001907aca56d0, 0x000001907aca6080, 0x000001907acaa4f0, 0x000001907acacef0,
0x000001907acad7f0, 0x000001907f0a93a0, 0x000001907f682b10, 0x000001907f316f30,
0x0000019042fe7a50, 0x0000019044fd7790, 0x00000190420724a0, 0x0000019042074b20,
0x00000190420737e0, 0x0000019042074180, 0x0000019045dde490, 0x0000019045ddc2e0,
0x0000019045ddc7b0, 0x0000019045ddcc80, 0x0000019045dd7f80, 0x0000019045ddd150,
0x0000019045ddd620, 0x0000019045dda130, 0x0000019045dd6c40, 0x0000019045ddb470,
0x0000019045dd8450, 0x0000019045dddaf0, 0x0000019045dd8920, 0x0000019045dda600,
0x0000019045dd9c60, 0x0000019045dd9790, 0x0000019045ddafa0, 0x0000019045dd7110,
0x0000019045dddfc0, 0x0000019045ddbe10, 0x0000019045dd75e0, 0x0000019045dd7ab0,
0x0000019045dd92c0, 0x0000019045ddaad0, 0x0000019042074650, 0x0000019042071fd0,
0x0000019043121a50, 0x0000019043123c00, 0x000001904311dbc0, 0x000001904311ef00,
0x000001904311ea30, 0x0000019043122d90, 0x000001904311f3d0, 0x0000019043123260,
0x000001904311e090, 0x0000019043124a70, 0x0000019043124f40, 0x0000019043125410,
0x000001904311f8a0, 0x000001904311fd70, 0x0000019043120240, 0x00000190431223f0,
0x0000019043120710, 0x0000019043120be0, 0x00000190431210b0, 0x0000019043121580
}

Java Threads: ( => current thread )
  0x000001907ac917f0 JavaThread "Reference Handler" daemon [_thread_blocked, id=8588, stack(0x00000075fce00000,0x00000075fcf00000)]
  0x000001907ac92660 JavaThread "Finalizer" daemon [_thread_blocked, id=12156, stack(0x00000075fcf00000,0x00000075fd000000)]
  0x000001907aca2250 JavaThread "Signal Dispatcher" daemon [_thread_blocked, id=16652, stack(0x00000075fd000000,0x00000075fd100000)]
  0x000001907aca2d10 JavaThread "Attach Listener" daemon [_thread_blocked, id=3516, stack(0x00000075fd100000,0x00000075fd200000)]
  0x000001907aca56d0 JavaThread "Service Thread" daemon [_thread_blocked, id=12088, stack(0x00000075fd200000,0x00000075fd300000)]
  0x000001907aca6080 JavaThread "Monitor Deflation Thread" daemon [_thread_blocked, id=10436, stack(0x00000075fd300000,0x00000075fd400000)]
=>0x000001907acaa4f0 JavaThread "C2 CompilerThread0" daemon [_thread_in_native, id=18660, stack(0x00000075fd400000,0x00000075fd500000)]
  0x000001907acacef0 JavaThread "C1 CompilerThread0" daemon [_thread_in_native_trans, id=12600, stack(0x00000075fd500000,0x00000075fd600000)]
  0x000001907acad7f0 JavaThread "Sweeper thread" daemon [_thread_blocked, id=9636, stack(0x00000075fd600000,0x00000075fd700000)]
  0x000001907f0a93a0 JavaThread "Common-Cleaner" daemon [_thread_blocked, id=1472, stack(0x00000075fd700000,0x00000075fd800000)]
  0x000001907f682b10 JavaThread "Monitor Ctrl-Break" daemon [_thread_in_native, id=16060, stack(0x00000075fd800000,0x00000075fd900000)]
  0x000001907f316f30 JavaThread "Notification Thread" daemon [_thread_blocked, id=12168, stack(0x00000075fd900000,0x00000075fda00000)]
  0x0000019042fe7a50 JavaThread "mysql-cj-abandoned-connection-cleanup" daemon [_thread_blocked, id=16436, stack(0x00000075fe900000,0x00000075fea00000)]
  0x0000019044fd7790 JavaThread "topic-talk housekeeper" daemon [_thread_blocked, id=6400, stack(0x00000075feb00000,0x00000075fec00000)]
  0x00000190420724a0 JavaThread "Catalina-utility-1" [_thread_blocked, id=12124, stack(0x00000075fec00000,0x00000075fed00000)]
  0x0000019042074b20 JavaThread "Catalina-utility-2" [_thread_blocked, id=10732, stack(0x00000075fed00000,0x00000075fee00000)]
  0x00000190420737e0 JavaThread "container-0" [_thread_blocked, id=9512, stack(0x00000075fee00000,0x00000075fef00000)]
  0x0000019042074180 JavaThread "File Watcher" daemon [_thread_blocked, id=12172, stack(0x00000075ff100000,0x00000075ff200000)]
  0x0000019045dde490 JavaThread "Live Reload Server" daemon [_thread_in_native, id=11928, stack(0x00000075ff300000,0x00000075ff400000)]
  0x0000019045ddc2e0 JavaThread "http-nio-5000-exec-1" daemon [_thread_blocked, id=1500, stack(0x00000075ff200000,0x00000075ff300000)]
  0x0000019045ddc7b0 JavaThread "http-nio-5000-exec-2" daemon [_thread_blocked, id=3276, stack(0x00000075ff400000,0x00000075ff500000)]
  0x0000019045ddcc80 JavaThread "http-nio-5000-exec-3" daemon [_thread_blocked, id=9068, stack(0x00000075ff500000,0x00000075ff600000)]
  0x0000019045dd7f80 JavaThread "http-nio-5000-exec-4" daemon [_thread_blocked, id=19012, stack(0x00000075ff600000,0x00000075ff700000)]
  0x0000019045ddd150 JavaThread "http-nio-5000-exec-5" daemon [_thread_blocked, id=11616, stack(0x00000075ff700000,0x00000075ff800000)]
  0x0000019045ddd620 JavaThread "http-nio-5000-exec-6" daemon [_thread_blocked, id=17688, stack(0x00000075ff800000,0x00000075ff900000)]
  0x0000019045dda130 JavaThread "http-nio-5000-exec-7" daemon [_thread_blocked, id=2824, stack(0x00000075ff900000,0x00000075ffa00000)]
  0x0000019045dd6c40 JavaThread "http-nio-5000-exec-8" daemon [_thread_blocked, id=18200, stack(0x00000075ffa00000,0x00000075ffb00000)]
  0x0000019045ddb470 JavaThread "http-nio-5000-exec-9" daemon [_thread_blocked, id=13984, stack(0x00000075ffb00000,0x00000075ffc00000)]
  0x0000019045dd8450 JavaThread "http-nio-5000-exec-10" daemon [_thread_blocked, id=4824, stack(0x00000075ffc00000,0x00000075ffd00000)]
  0x0000019045dddaf0 JavaThread "http-nio-5000-Poller" daemon [_thread_in_native, id=14740, stack(0x00000075ffd00000,0x00000075ffe00000)]
  0x0000019045dd8920 JavaThread "http-nio-5000-Acceptor" daemon [_thread_in_native, id=2016, stack(0x00000075ffe00000,0x00000075fff00000)]
  0x0000019045dda600 JavaThread "scheduling-1" [_thread_blocked, id=18188, stack(0x00000075fff00000,0x0000007600000000)]
  0x0000019045dd9c60 JavaThread "nioEventLoopGroup-2-1" [_thread_in_native, id=10896, stack(0x0000007580000000,0x0000007580100000)]
  0x0000019045dd9790 JavaThread "DestroyJavaVM" [_thread_blocked, id=11360, stack(0x00000075fc700000,0x00000075fc800000)]
  0x0000019045ddafa0 JavaThread "nioEventLoopGroup-3-1" [_thread_in_native, id=10292, stack(0x0000007580200000,0x0000007580300000)]
  0x0000019045dd7110 JavaThread "nioEventLoopGroup-3-2" [_thread_in_native, id=5024, stack(0x0000007580300000,0x0000007580400000)]
  0x0000019045dddfc0 JavaThread "pool-2-thread-1" [_thread_blocked, id=13260, stack(0x0000007580400000,0x0000007580500000)]
  0x0000019045ddbe10 JavaThread "nioEventLoopGroup-3-3" [_thread_in_native, id=15472, stack(0x0000007580600000,0x0000007580700000)]
  0x0000019045dd75e0 JavaThread "nioEventLoopGroup-3-4" [_thread_in_native, id=10040, stack(0x0000007580700000,0x0000007580800000)]
  0x0000019045dd7ab0 JavaThread "nioEventLoopGroup-3-5" [_thread_in_native, id=944, stack(0x0000007580800000,0x0000007580900000)]
  0x0000019045dd92c0 JavaThread "nioEventLoopGroup-3-6" [_thread_in_native, id=1908, stack(0x0000007580900000,0x0000007580a00000)]
  0x0000019045ddaad0 JavaThread "nioEventLoopGroup-3-7" [_thread_in_native, id=3908, stack(0x0000007580100000,0x0000007580200000)]
  0x0000019042074650 JavaThread "nioEventLoopGroup-3-8" [_thread_in_native, id=8960, stack(0x0000007580500000,0x0000007580600000)]
  0x0000019042071fd0 JavaThread "nioEventLoopGroup-3-9" [_thread_in_native, id=10380, stack(0x0000007580a00000,0x0000007580b00000)]
  0x0000019043121a50 JavaThread "nioEventLoopGroup-3-10" [_thread_in_native, id=17896, stack(0x0000007580b00000,0x0000007580c00000)]
  0x0000019043123c00 JavaThread "nioEventLoopGroup-3-11" [_thread_in_native, id=14048, stack(0x0000007580c00000,0x0000007580d00000)]
  0x000001904311dbc0 JavaThread "nioEventLoopGroup-3-12" [_thread_in_native, id=18984, stack(0x0000007580d00000,0x0000007580e00000)]
  0x000001904311ef00 JavaThread "nioEventLoopGroup-3-13" [_thread_in_native, id=18776, stack(0x0000007580e00000,0x0000007580f00000)]
  0x000001904311ea30 JavaThread "nioEventLoopGroup-3-14" [_thread_in_native, id=3608, stack(0x0000007580f00000,0x0000007581000000)]
  0x0000019043122d90 JavaThread "nioEventLoopGroup-3-15" [_thread_in_native, id=8712, stack(0x0000007581000000,0x0000007581100000)]
  0x000001904311f3d0 JavaThread "nioEventLoopGroup-3-16" [_thread_in_native, id=13708, stack(0x0000007581100000,0x0000007581200000)]
  0x0000019043123260 JavaThread "nioEventLoopGroup-3-17" [_thread_in_native, id=18556, stack(0x0000007581200000,0x0000007581300000)]
  0x000001904311e090 JavaThread "nioEventLoopGroup-3-18" [_thread_in_native, id=12636, stack(0x0000007581300000,0x0000007581400000)]
  0x0000019043124a70 JavaThread "nioEventLoopGroup-3-19" [_thread_in_native, id=684, stack(0x0000007581400000,0x0000007581500000)]
  0x0000019043124f40 JavaThread "nioEventLoopGroup-3-20" [_thread_in_native, id=8660, stack(0x0000007581600000,0x0000007581700000)]
  0x0000019043125410 JavaThread "nioEventLoopGroup-3-21" [_thread_in_native, id=8296, stack(0x0000007581800000,0x0000007581900000)]
  0x000001904311f8a0 JavaThread "nioEventLoopGroup-3-22" [_thread_in_native, id=14232, stack(0x0000007581900000,0x0000007581a00000)]
  0x000001904311fd70 JavaThread "nioEventLoopGroup-3-23" [_thread_in_native, id=18116, stack(0x0000007581a00000,0x0000007581b00000)]
  0x0000019043120240 JavaThread "nioEventLoopGroup-3-24" [_thread_in_native, id=10140, stack(0x0000007581500000,0x0000007581600000)]
  0x00000190431223f0 JavaThread "nioEventLoopGroup-3-25" [_thread_in_native, id=18216, stack(0x0000007581700000,0x0000007581800000)]
  0x0000019043120710 JavaThread "nioEventLoopGroup-3-26" [_thread_in_native, id=18268, stack(0x0000007581b00000,0x0000007581c00000)]
  0x0000019043120be0 JavaThread "nioEventLoopGroup-3-27" [_thread_in_native, id=16352, stack(0x0000007581c00000,0x0000007581d00000)]
  0x00000190431210b0 JavaThread "nioEventLoopGroup-3-28" [_thread_in_native, id=6808, stack(0x0000007581d00000,0x0000007581e00000)]
  0x0000019043121580 JavaThread "nioEventLoopGroup-3-29" [_thread_in_native, id=17160, stack(0x0000007581e00000,0x0000007581f00000)]

Other Threads:
  0x000001907ac877d0 VMThread "VM Thread" [stack: 0x00000075fcd00000,0x00000075fce00000] [id=19168]
  0x000001907f317880 WatcherThread [stack: 0x00000075fda00000,0x00000075fdb00000] [id=14772]
  0x000001905c89b2b0 GCTaskThread "GC Thread#0" [stack: 0x00000075fc800000,0x00000075fc900000] [id=12140]
  0x000001907f873640 GCTaskThread "GC Thread#1" [stack: 0x00000075fdf00000,0x00000075fe000000] [id=4420]
  0x000001907f7fb670 GCTaskThread "GC Thread#2" [stack: 0x00000075fe000000,0x00000075fe100000] [id=15028]
  0x000001907fb274e0 GCTaskThread "GC Thread#3" [stack: 0x00000075fe100000,0x00000075fe200000] [id=8008]
  0x00000190414c04d0 GCTaskThread "GC Thread#4" [stack: 0x00000075fe200000,0x00000075fe300000] [id=16580]
  0x0000019041aa7c00 GCTaskThread "GC Thread#5" [stack: 0x00000075fe300000,0x00000075fe400000] [id=9880]
  0x0000019041b55c20 GCTaskThread "GC Thread#6" [stack: 0x00000075fe400000,0x00000075fe500000] [id=1132]
  0x0000019041b0e1a0 GCTaskThread "GC Thread#7" [stack: 0x00000075fe500000,0x00000075fe600000] [id=11880]
  0x0000019041b13cd0 GCTaskThread "GC Thread#8" [stack: 0x00000075fe600000,0x00000075fe700000] [id=1504]
  0x0000019041bf33e0 GCTaskThread "GC Thread#9" [stack: 0x00000075fdc00000,0x00000075fdd00000] [id=1528]
  0x000001905c8abb30 ConcurrentGCThread "G1 Main Marker" [stack: 0x00000075fc900000,0x00000075fca00000] [id=1660]
  0x000001905c8acce0 ConcurrentGCThread "G1 Conc#0" [stack: 0x00000075fca00000,0x00000075fcb00000] [id=19204]
  0x0000019041fc8c20 ConcurrentGCThread "G1 Conc#1" [stack: 0x00000075fe700000,0x00000075fe800000] [id=13480]
  0x0000019041ef4530 ConcurrentGCThread "G1 Conc#2" [stack: 0x00000075fe800000,0x00000075fe900000] [id=10284]
  0x000001907ab420c0 ConcurrentGCThread "G1 Refine#0" [stack: 0x00000075fcb00000,0x00000075fcc00000] [id=7808]
  0x0000019043858550 ConcurrentGCThread "G1 Refine#1" [stack: 0x00000075ff000000,0x00000075ff100000] [id=6096]
  0x000001907ab42ae0 ConcurrentGCThread "G1 Service" [stack: 0x00000075fcc00000,0x00000075fcd00000] [id=18500]

Threads with active compile tasks:
C2 CompilerThread0   420581 14601       4       org.springframework.web.servlet.mvc.method.RequestMappingInfo::getMatchingCondition (182 bytes)

VM state: not at safepoint (normal execution)

VM Mutex/Monitor currently owned by a thread: None

Heap address: 0x0000000083600000, size: 1994 MB, Compressed Oops mode: 32-bit

CDS archive(s) mapped at: [0x0000019000000000-0x0000019000bd0000-0x0000019000bd0000), size 12386304, SharedBaseAddress: 0x0000019000000000, ArchiveRelocationMode: 1.
Compressed class space mapped at: 0x0000019001000000-0x0000019041000000, reserved size: 1073741824
Narrow klass base: 0x0000019000000000, Narrow klass shift: 0, Narrow klass range: 0x100000000

GC Precious Log:
 CPUs: 12 total, 12 available
 Memory: 7970M
 Large Page Support: Disabled
 NUMA Support: Disabled
 Compressed Oops: Enabled (32-bit)
 Heap Region Size: 1M
 Heap Min Capacity: 8M
 Heap Initial Capacity: 126M
 Heap Max Capacity: 1994M
 Pre-touch: Disabled
 Parallel Workers: 10
 Concurrent Workers: 3
 Concurrent Refinement Workers: 10
 Periodic GC: Disabled

Heap:
 garbage-first heap   total 270336K, used 181234K [0x0000000083600000, 0x0000000100000000)
  region size 1024K, 18 young (18432K), 1 survivors (1024K)
 Metaspace       used 100194K, committed 101056K, reserved 1179648K
  class space    used 13162K, committed 13568K, reserved 1048576K

Heap Regions: E=young(eden), S=young(survivor), O=old, HS=humongous(starts), HC=humongous(continues), CS=collection set, F=free, OA=open archive, CA=closed archive, TAMS=top-at-mark-start (previous, next)
|   0|0x0000000083600000, 0x0000000083700000, 0x0000000083700000|100%|HS|  |TAMS 0x0000000083700000, 0x0000000083600000| Complete 
|   1|0x0000000083700000, 0x0000000083800000, 0x0000000083800000|100%| O|  |TAMS 0x0000000083800000, 0x0000000083700000| Untracked 
|   2|0x0000000083800000, 0x0000000083900000, 0x0000000083900000|100%| O|  |TAMS 0x0000000083900000, 0x0000000083800000| Untracked 
|   3|0x0000000083900000, 0x0000000083a00000, 0x0000000083a00000|100%| O|  |TAMS 0x0000000083a00000, 0x0000000083900000| Untracked 
|   4|0x0000000083a00000, 0x0000000083b00000, 0x0000000083b00000|100%| O|  |TAMS 0x0000000083b00000, 0x0000000083a00000| Untracked 
|   5|0x0000000083b00000, 0x0000000083c00000, 0x0000000083c00000|100%| O|  |TAMS 0x0000000083c00000, 0x0000000083b00000| Untracked 
|   6|0x0000000083c00000, 0x0000000083c00000, 0x0000000083d00000|  0%| F|  |TAMS 0x0000000083c00000, 0x0000000083c00000| Untracked 
|   7|0x0000000083d00000, 0x0000000083e00000, 0x0000000083e00000|100%| O|  |TAMS 0x0000000083e00000, 0x0000000083d00000| Untracked 
|   8|0x0000000083e00000, 0x0000000083f00000, 0x0000000083f00000|100%| O|  |TAMS 0x0000000083f00000, 0x0000000083e00000| Untracked 
|   9|0x0000000083f00000, 0x0000000084000000, 0x0000000084000000|100%| O|  |TAMS 0x0000000084000000, 0x0000000083f00000| Untracked 
|  10|0x0000000084000000, 0x0000000084100000, 0x0000000084100000|100%| O|  |TAMS 0x0000000084100000, 0x0000000084000000| Untracked 
|  11|0x0000000084100000, 0x0000000084200000, 0x0000000084200000|100%| O|  |TAMS 0x0000000084200000, 0x0000000084100000| Untracked 
|  12|0x0000000084200000, 0x0000000084300000, 0x0000000084300000|100%| O|  |TAMS 0x0000000084300000, 0x0000000084200000| Untracked 
|  13|0x0000000084300000, 0x0000000084400000, 0x0000000084400000|100%| O|  |TAMS 0x0000000084400000, 0x0000000084300000| Complete 
|  14|0x0000000084400000, 0x0000000084500000, 0x0000000084500000|100%| O|  |TAMS 0x0000000084500000, 0x0000000084400000| Untracked 
|  15|0x0000000084500000, 0x0000000084600000, 0x0000000084600000|100%| O|  |TAMS 0x0000000084600000, 0x0000000084500000| Untracked 
|  16|0x0000000084600000, 0x0000000084700000, 0x0000000084700000|100%| O|  |TAMS 0x0000000084700000, 0x0000000084600000| Untracked 
|  17|0x0000000084700000, 0x0000000084800000, 0x0000000084800000|100%| O|  |TAMS 0x0000000084800000, 0x0000000084700000| Untracked 
|  18|0x0000000084800000, 0x0000000084900000, 0x0000000084900000|100%| O|  |TAMS 0x0000000084900000, 0x0000000084800000| Untracked 
|  19|0x0000000084900000, 0x0000000084a00000, 0x0000000084a00000|100%| O|  |TAMS 0x0000000084a00000, 0x0000000084900000| Untracked 
|  20|0x0000000084a00000, 0x0000000084b00000, 0x0000000084b00000|100%| O|  |TAMS 0x0000000084b00000, 0x0000000084a00000| Untracked 
|  21|0x0000000084b00000, 0x0000000084b00000, 0x0000000084c00000|  0%| F|  |TAMS 0x0000000084b00000, 0x0000000084b00000| Untracked 
|  22|0x0000000084c00000, 0x0000000084d00000, 0x0000000084d00000|100%| O|  |TAMS 0x0000000084d00000, 0x0000000084c00000| Untracked 
|  23|0x0000000084d00000, 0x0000000084e00000, 0x0000000084e00000|100%| O|  |TAMS 0x0000000084e00000, 0x0000000084d00000| Untracked 
|  24|0x0000000084e00000, 0x0000000084f00000, 0x0000000084f00000|100%| O|  |TAMS 0x0000000084f00000, 0x0000000084e00000| Untracked 
|  25|0x0000000084f00000, 0x0000000085000000, 0x0000000085000000|100%| O|  |TAMS 0x0000000085000000, 0x0000000084f00000| Untracked 
|  26|0x0000000085000000, 0x0000000085100000, 0x0000000085100000|100%| O|  |TAMS 0x0000000085100000, 0x0000000085000000| Untracked 
|  27|0x0000000085100000, 0x0000000085200000, 0x0000000085200000|100%| O|  |TAMS 0x0000000085200000, 0x0000000085100000| Untracked 
|  28|0x0000000085200000, 0x0000000085300000, 0x0000000085300000|100%| O|  |TAMS 0x0000000085300000, 0x0000000085200000| Untracked 
|  29|0x0000000085300000, 0x0000000085400000, 0x0000000085400000|100%| O|  |TAMS 0x0000000085400000, 0x0000000085300000| Untracked 
|  30|0x0000000085400000, 0x0000000085500000, 0x0000000085500000|100%| O|  |TAMS 0x0000000085500000, 0x0000000085400000| Untracked 
|  31|0x0000000085500000, 0x0000000085600000, 0x0000000085600000|100%| O|  |TAMS 0x0000000085600000, 0x0000000085500000| Untracked 
|  32|0x0000000085600000, 0x0000000085700000, 0x0000000085700000|100%| O|  |TAMS 0x0000000085700000, 0x0000000085600000| Untracked 
|  33|0x0000000085700000, 0x0000000085800000, 0x0000000085800000|100%| O|  |TAMS 0x0000000085800000, 0x0000000085700000| Untracked 
|  34|0x0000000085800000, 0x0000000085900000, 0x0000000085900000|100%| O|  |TAMS 0x0000000085900000, 0x0000000085800000| Untracked 
|  35|0x0000000085900000, 0x0000000085a00000, 0x0000000085a00000|100%| O|  |TAMS 0x0000000085a00000, 0x0000000085900000| Untracked 
|  36|0x0000000085a00000, 0x0000000085b00000, 0x0000000085b00000|100%| O|  |TAMS 0x0000000085b00000, 0x0000000085a00000| Untracked 
|  37|0x0000000085b00000, 0x0000000085c00000, 0x0000000085c00000|100%| O|  |TAMS 0x0000000085c00000, 0x0000000085b00000| Untracked 
|  38|0x0000000085c00000, 0x0000000085d00000, 0x0000000085d00000|100%| O|  |TAMS 0x0000000085d00000, 0x0000000085c00000| Untracked 
|  39|0x0000000085d00000, 0x0000000085e00000, 0x0000000085e00000|100%| O|  |TAMS 0x0000000085e00000, 0x0000000085d00000| Untracked 
|  40|0x0000000085e00000, 0x0000000085f00000, 0x0000000085f00000|100%| O|  |TAMS 0x0000000085f00000, 0x0000000085e00000| Untracked 
|  41|0x0000000085f00000, 0x0000000086000000, 0x0000000086000000|100%| O|  |TAMS 0x0000000086000000, 0x0000000085f00000| Untracked 
|  42|0x0000000086000000, 0x0000000086100000, 0x0000000086100000|100%| O|  |TAMS 0x0000000086100000, 0x0000000086000000| Untracked 
|  43|0x0000000086100000, 0x0000000086200000, 0x0000000086200000|100%| O|  |TAMS 0x0000000086200000, 0x0000000086100000| Untracked 
|  44|0x0000000086200000, 0x0000000086300000, 0x0000000086300000|100%| O|  |TAMS 0x0000000086300000, 0x0000000086200000| Untracked 
|  45|0x0000000086300000, 0x0000000086400000, 0x0000000086400000|100%|HS|  |TAMS 0x0000000086400000, 0x0000000086300000| Complete 
|  46|0x0000000086400000, 0x0000000086500000, 0x0000000086500000|100%|HC|  |TAMS 0x0000000086500000, 0x0000000086400000| Complete 
|  47|0x0000000086500000, 0x0000000086600000, 0x0000000086600000|100%|HC|  |TAMS 0x0000000086600000, 0x0000000086500000| Complete 
|  48|0x0000000086600000, 0x0000000086700000, 0x0000000086700000|100%|HC|  |TAMS 0x0000000086700000, 0x0000000086600000| Complete 
|  49|0x0000000086700000, 0x0000000086800000, 0x0000000086800000|100%|HC|  |TAMS 0x0000000086800000, 0x0000000086700000| Complete 
|  50|0x0000000086800000, 0x0000000086900000, 0x0000000086900000|100%|HS|  |TAMS 0x0000000086900000, 0x0000000086800000| Complete 
|  51|0x0000000086900000, 0x0000000086a00000, 0x0000000086a00000|100%|HC|  |TAMS 0x0000000086a00000, 0x0000000086900000| Complete 
|  52|0x0000000086a00000, 0x0000000086b00000, 0x0000000086b00000|100%|HC|  |TAMS 0x0000000086b00000, 0x0000000086a00000| Complete 
|  53|0x0000000086b00000, 0x0000000086c00000, 0x0000000086c00000|100%|HC|  |TAMS 0x0000000086c00000, 0x0000000086b00000| Complete 
|  54|0x0000000086c00000, 0x0000000086d00000, 0x0000000086d00000|100%|HC|  |TAMS 0x0000000086d00000, 0x0000000086c00000| Complete 
|  55|0x0000000086d00000, 0x0000000086e00000, 0x0000000086e00000|100%| O|  |TAMS 0x0000000086e00000, 0x0000000086d00000| Untracked 
|  56|0x0000000086e00000, 0x0000000086f00000, 0x0000000086f00000|100%| O|  |TAMS 0x0000000086f00000, 0x0000000086e00000| Untracked 
|  57|0x0000000086f00000, 0x0000000087000000, 0x0000000087000000|100%| O|  |TAMS 0x0000000087000000, 0x0000000086f00000| Untracked 
|  58|0x0000000087000000, 0x0000000087100000, 0x0000000087100000|100%| O|  |TAMS 0x0000000087100000, 0x0000000087000000| Untracked 
|  59|0x0000000087100000, 0x0000000087200000, 0x0000000087200000|100%|HS|  |TAMS 0x0000000087200000, 0x0000000087100000| Complete 
|  60|0x0000000087200000, 0x0000000087300000, 0x0000000087300000|100%|HC|  |TAMS 0x0000000087300000, 0x0000000087200000| Complete 
|  61|0x0000000087300000, 0x0000000087400000, 0x0000000087400000|100%|HC|  |TAMS 0x0000000087400000, 0x0000000087300000| Complete 
|  62|0x0000000087400000, 0x0000000087500000, 0x0000000087500000|100%|HC|  |TAMS 0x0000000087500000, 0x0000000087400000| Complete 
|  63|0x0000000087500000, 0x0000000087600000, 0x0000000087600000|100%|HC|  |TAMS 0x0000000087600000, 0x0000000087500000| Complete 
|  64|0x0000000087600000, 0x0000000087700000, 0x0000000087700000|100%| O|  |TAMS 0x0000000087700000, 0x0000000087600000| Untracked 
|  65|0x0000000087700000, 0x0000000087800000, 0x0000000087800000|100%| O|  |TAMS 0x0000000087800000, 0x0000000087700000| Complete 
|  66|0x0000000087800000, 0x0000000087900000, 0x0000000087900000|100%| O|  |TAMS 0x0000000087900000, 0x0000000087800000| Untracked 
|  67|0x0000000087900000, 0x0000000087a00000, 0x0000000087a00000|100%|HS|  |TAMS 0x0000000087a00000, 0x0000000087900000| Complete 
|  68|0x0000000087a00000, 0x0000000087b00000, 0x0000000087b00000|100%|HC|  |TAMS 0x0000000087b00000, 0x0000000087a00000| Complete 
|  69|0x0000000087b00000, 0x0000000087c00000, 0x0000000087c00000|100%|HC|  |TAMS 0x0000000087c00000, 0x0000000087b00000| Complete 
|  70|0x0000000087c00000, 0x0000000087d00000, 0x0000000087d00000|100%|HC|  |TAMS 0x0000000087d00000, 0x0000000087c00000| Complete 
|  71|0x0000000087d00000, 0x0000000087e00000, 0x0000000087e00000|100%|HC|  |TAMS 0x0000000087e00000, 0x0000000087d00000| Complete 
|  72|0x0000000087e00000, 0x0000000087f00000, 0x0000000087f00000|100%|HS|  |TAMS 0x0000000087f00000, 0x0000000087e00000| Complete 
|  73|0x0000000087f00000, 0x0000000088000000, 0x0000000088000000|100%|HC|  |TAMS 0x0000000088000000, 0x0000000087f00000| Complete 
|  74|0x0000000088000000, 0x0000000088100000, 0x0000000088100000|100%|HC|  |TAMS 0x0000000088100000, 0x0000000088000000| Complete 
|  75|0x0000000088100000, 0x0000000088200000, 0x0000000088200000|100%|HC|  |TAMS 0x0000000088200000, 0x0000000088100000| Complete 
|  76|0x0000000088200000, 0x0000000088300000, 0x0000000088300000|100%|HC|  |TAMS 0x0000000088300000, 0x0000000088200000| Complete 
|  77|0x0000000088300000, 0x0000000088400000, 0x0000000088400000|100%|HS|  |TAMS 0x0000000088400000, 0x0000000088300000| Complete 
|  78|0x0000000088400000, 0x0000000088500000, 0x0000000088500000|100%|HC|  |TAMS 0x0000000088500000, 0x0000000088400000| Complete 
|  79|0x0000000088500000, 0x0000000088600000, 0x0000000088600000|100%|HC|  |TAMS 0x0000000088600000, 0x0000000088500000| Complete 
|  80|0x0000000088600000, 0x0000000088700000, 0x0000000088700000|100%|HC|  |TAMS 0x0000000088700000, 0x0000000088600000| Complete 
|  81|0x0000000088700000, 0x0000000088800000, 0x0000000088800000|100%|HC|  |TAMS 0x0000000088800000, 0x0000000088700000| Complete 
|  82|0x0000000088800000, 0x0000000088900000, 0x0000000088900000|100%|HS|  |TAMS 0x0000000088900000, 0x0000000088800000| Complete 
|  83|0x0000000088900000, 0x0000000088a00000, 0x0000000088a00000|100%|HC|  |TAMS 0x0000000088a00000, 0x0000000088900000| Complete 
|  84|0x0000000088a00000, 0x0000000088b00000, 0x0000000088b00000|100%|HC|  |TAMS 0x0000000088b00000, 0x0000000088a00000| Complete 
|  85|0x0000000088b00000, 0x0000000088c00000, 0x0000000088c00000|100%|HC|  |TAMS 0x0000000088c00000, 0x0000000088b00000| Complete 
|  86|0x0000000088c00000, 0x0000000088d00000, 0x0000000088d00000|100%|HC|  |TAMS 0x0000000088d00000, 0x0000000088c00000| Complete 
|  87|0x0000000088d00000, 0x0000000088e00000, 0x0000000088e00000|100%|HS|  |TAMS 0x0000000088e00000, 0x0000000088d00000| Complete 
|  88|0x0000000088e00000, 0x0000000088f00000, 0x0000000088f00000|100%|HC|  |TAMS 0x0000000088f00000, 0x0000000088e00000| Complete 
|  89|0x0000000088f00000, 0x0000000089000000, 0x0000000089000000|100%|HC|  |TAMS 0x0000000089000000, 0x0000000088f00000| Complete 
|  90|0x0000000089000000, 0x0000000089100000, 0x0000000089100000|100%|HC|  |TAMS 0x0000000089100000, 0x0000000089000000| Complete 
|  91|0x0000000089100000, 0x0000000089200000, 0x0000000089200000|100%|HC|  |TAMS 0x0000000089200000, 0x0000000089100000| Complete 
|  92|0x0000000089200000, 0x0000000089300000, 0x0000000089300000|100%|HS|  |TAMS 0x0000000089300000, 0x0000000089200000| Complete 
|  93|0x0000000089300000, 0x0000000089400000, 0x0000000089400000|100%|HC|  |TAMS 0x0000000089400000, 0x0000000089300000| Complete 
|  94|0x0000000089400000, 0x0000000089500000, 0x0000000089500000|100%|HC|  |TAMS 0x0000000089500000, 0x0000000089400000| Complete 
|  95|0x0000000089500000, 0x0000000089600000, 0x0000000089600000|100%|HC|  |TAMS 0x0000000089600000, 0x0000000089500000| Complete 
|  96|0x0000000089600000, 0x0000000089700000, 0x0000000089700000|100%|HC|  |TAMS 0x0000000089700000, 0x0000000089600000| Complete 
|  97|0x0000000089700000, 0x0000000089800000, 0x0000000089800000|100%|HS|  |TAMS 0x0000000089800000, 0x0000000089700000| Complete 
|  98|0x0000000089800000, 0x0000000089900000, 0x0000000089900000|100%|HC|  |TAMS 0x0000000089900000, 0x0000000089800000| Complete 
|  99|0x0000000089900000, 0x0000000089a00000, 0x0000000089a00000|100%|HC|  |TAMS 0x0000000089a00000, 0x0000000089900000| Complete 
| 100|0x0000000089a00000, 0x0000000089b00000, 0x0000000089b00000|100%|HC|  |TAMS 0x0000000089b00000, 0x0000000089a00000| Complete 
| 101|0x0000000089b00000, 0x0000000089c00000, 0x0000000089c00000|100%|HC|  |TAMS 0x0000000089c00000, 0x0000000089b00000| Complete 
| 102|0x0000000089c00000, 0x0000000089d00000, 0x0000000089d00000|100%|HS|  |TAMS 0x0000000089d00000, 0x0000000089c00000| Complete 
| 103|0x0000000089d00000, 0x0000000089e00000, 0x0000000089e00000|100%|HC|  |TAMS 0x0000000089e00000, 0x0000000089d00000| Complete 
| 104|0x0000000089e00000, 0x0000000089f00000, 0x0000000089f00000|100%|HC|  |TAMS 0x0000000089f00000, 0x0000000089e00000| Complete 
| 105|0x0000000089f00000, 0x000000008a000000, 0x000000008a000000|100%|HC|  |TAMS 0x000000008a000000, 0x0000000089f00000| Complete 
| 106|0x000000008a000000, 0x000000008a100000, 0x000000008a100000|100%|HC|  |TAMS 0x000000008a100000, 0x000000008a000000| Complete 
| 107|0x000000008a100000, 0x000000008a200000, 0x000000008a200000|100%| O|  |TAMS 0x000000008a200000, 0x000000008a100000| Untracked 
| 108|0x000000008a200000, 0x000000008a300000, 0x000000008a300000|100%|HS|  |TAMS 0x000000008a300000, 0x000000008a200000| Complete 
| 109|0x000000008a300000, 0x000000008a400000, 0x000000008a400000|100%|HC|  |TAMS 0x000000008a400000, 0x000000008a300000| Complete 
| 110|0x000000008a400000, 0x000000008a500000, 0x000000008a500000|100%|HC|  |TAMS 0x000000008a500000, 0x000000008a400000| Complete 
| 111|0x000000008a500000, 0x000000008a600000, 0x000000008a600000|100%|HC|  |TAMS 0x000000008a600000, 0x000000008a500000| Complete 
| 112|0x000000008a600000, 0x000000008a700000, 0x000000008a700000|100%|HC|  |TAMS 0x000000008a700000, 0x000000008a600000| Complete 
| 113|0x000000008a700000, 0x000000008a800000, 0x000000008a800000|100%| O|  |TAMS 0x000000008a800000, 0x000000008a700000| Untracked 
| 114|0x000000008a800000, 0x000000008a900000, 0x000000008a900000|100%| O|  |TAMS 0x000000008a900000, 0x000000008a800000| Untracked 
| 115|0x000000008a900000, 0x000000008aa00000, 0x000000008aa00000|100%| O|  |TAMS 0x000000008aa00000, 0x000000008a900000| Untracked 
| 116|0x000000008aa00000, 0x000000008ab00000, 0x000000008ab00000|100%| O|  |TAMS 0x000000008ab00000, 0x000000008aa00000| Untracked 
| 117|0x000000008ab00000, 0x000000008ac00000, 0x000000008ac00000|100%|HS|  |TAMS 0x000000008ac00000, 0x000000008ab00000| Complete 
| 118|0x000000008ac00000, 0x000000008ad00000, 0x000000008ad00000|100%|HC|  |TAMS 0x000000008ad00000, 0x000000008ac00000| Complete 
| 119|0x000000008ad00000, 0x000000008ae00000, 0x000000008ae00000|100%|HC|  |TAMS 0x000000008ae00000, 0x000000008ad00000| Complete 
| 120|0x000000008ae00000, 0x000000008af00000, 0x000000008af00000|100%|HC|  |TAMS 0x000000008af00000, 0x000000008ae00000| Complete 
| 121|0x000000008af00000, 0x000000008b000000, 0x000000008b000000|100%|HC|  |TAMS 0x000000008b000000, 0x000000008af00000| Complete 
| 122|0x000000008b000000, 0x000000008b100000, 0x000000008b100000|100%|HS|  |TAMS 0x000000008b100000, 0x000000008b000000| Complete 
| 123|0x000000008b100000, 0x000000008b200000, 0x000000008b200000|100%|HC|  |TAMS 0x000000008b200000, 0x000000008b100000| Complete 
| 124|0x000000008b200000, 0x000000008b300000, 0x000000008b300000|100%|HC|  |TAMS 0x000000008b300000, 0x000000008b200000| Complete 
| 125|0x000000008b300000, 0x000000008b400000, 0x000000008b400000|100%|HC|  |TAMS 0x000000008b400000, 0x000000008b300000| Complete 
| 126|0x000000008b400000, 0x000000008b500000, 0x000000008b500000|100%|HC|  |TAMS 0x000000008b500000, 0x000000008b400000| Complete 
| 127|0x000000008b500000, 0x000000008b600000, 0x000000008b600000|100%|HS|  |TAMS 0x000000008b600000, 0x000000008b500000| Complete 
| 128|0x000000008b600000, 0x000000008b700000, 0x000000008b700000|100%|HC|  |TAMS 0x000000008b700000, 0x000000008b600000| Complete 
| 129|0x000000008b700000, 0x000000008b800000, 0x000000008b800000|100%|HC|  |TAMS 0x000000008b800000, 0x000000008b700000| Complete 
| 130|0x000000008b800000, 0x000000008b900000, 0x000000008b900000|100%|HC|  |TAMS 0x000000008b900000, 0x000000008b800000| Complete 
| 131|0x000000008b900000, 0x000000008ba00000, 0x000000008ba00000|100%|HC|  |TAMS 0x000000008ba00000, 0x000000008b900000| Complete 
| 132|0x000000008ba00000, 0x000000008bb00000, 0x000000008bb00000|100%|HS|  |TAMS 0x000000008bb00000, 0x000000008ba00000| Complete 
| 133|0x000000008bb00000, 0x000000008bc00000, 0x000000008bc00000|100%|HC|  |TAMS 0x000000008bc00000, 0x000000008bb00000| Complete 
| 134|0x000000008bc00000, 0x000000008bd00000, 0x000000008bd00000|100%|HC|  |TAMS 0x000000008bd00000, 0x000000008bc00000| Complete 
| 135|0x000000008bd00000, 0x000000008be00000, 0x000000008be00000|100%|HC|  |TAMS 0x000000008be00000, 0x000000008bd00000| Complete 
| 136|0x000000008be00000, 0x000000008bf00000, 0x000000008bf00000|100%|HC|  |TAMS 0x000000008bf00000, 0x000000008be00000| Complete 
| 137|0x000000008bf00000, 0x000000008c000000, 0x000000008c000000|100%|HS|  |TAMS 0x000000008c000000, 0x000000008bf00000| Complete 
| 138|0x000000008c000000, 0x000000008c100000, 0x000000008c100000|100%|HC|  |TAMS 0x000000008c100000, 0x000000008c000000| Complete 
| 139|0x000000008c100000, 0x000000008c200000, 0x000000008c200000|100%|HC|  |TAMS 0x000000008c200000, 0x000000008c100000| Complete 
| 140|0x000000008c200000, 0x000000008c300000, 0x000000008c300000|100%|HC|  |TAMS 0x000000008c300000, 0x000000008c200000| Complete 
| 141|0x000000008c300000, 0x000000008c400000, 0x000000008c400000|100%|HC|  |TAMS 0x000000008c400000, 0x000000008c300000| Complete 
| 142|0x000000008c400000, 0x000000008c500000, 0x000000008c500000|100%|HS|  |TAMS 0x000000008c500000, 0x000000008c400000| Complete 
| 143|0x000000008c500000, 0x000000008c600000, 0x000000008c600000|100%|HC|  |TAMS 0x000000008c600000, 0x000000008c500000| Complete 
| 144|0x000000008c600000, 0x000000008c700000, 0x000000008c700000|100%|HC|  |TAMS 0x000000008c700000, 0x000000008c600000| Complete 
| 145|0x000000008c700000, 0x000000008c800000, 0x000000008c800000|100%|HC|  |TAMS 0x000000008c800000, 0x000000008c700000| Complete 
| 146|0x000000008c800000, 0x000000008c900000, 0x000000008c900000|100%|HC|  |TAMS 0x000000008c900000, 0x000000008c800000| Complete 
| 147|0x000000008c900000, 0x000000008ca00000, 0x000000008ca00000|100%|HS|  |TAMS 0x000000008ca00000, 0x000000008c900000| Complete 
| 148|0x000000008ca00000, 0x000000008cb00000, 0x000000008cb00000|100%|HC|  |TAMS 0x000000008cb00000, 0x000000008ca00000| Complete 
| 149|0x000000008cb00000, 0x000000008cc00000, 0x000000008cc00000|100%|HC|  |TAMS 0x000000008cc00000, 0x000000008cb00000| Complete 
| 150|0x000000008cc00000, 0x000000008cd00000, 0x000000008cd00000|100%|HC|  |TAMS 0x000000008cd00000, 0x000000008cc00000| Complete 
| 151|0x000000008cd00000, 0x000000008ce00000, 0x000000008ce00000|100%|HC|  |TAMS 0x000000008ce00000, 0x000000008cd00000| Complete 
| 152|0x000000008ce00000, 0x000000008cf00000, 0x000000008cf00000|100%|HS|  |TAMS 0x000000008cf00000, 0x000000008ce00000| Complete 
| 153|0x000000008cf00000, 0x000000008d000000, 0x000000008d000000|100%|HC|  |TAMS 0x000000008d000000, 0x000000008cf00000| Complete 
| 154|0x000000008d000000, 0x000000008d100000, 0x000000008d100000|100%|HC|  |TAMS 0x000000008d100000, 0x000000008d000000| Complete 
| 155|0x000000008d100000, 0x000000008d200000, 0x000000008d200000|100%|HC|  |TAMS 0x000000008d200000, 0x000000008d100000| Complete 
| 156|0x000000008d200000, 0x000000008d300000, 0x000000008d300000|100%|HC|  |TAMS 0x000000008d300000, 0x000000008d200000| Complete 
| 157|0x000000008d300000, 0x000000008d300000, 0x000000008d400000|  0%| F|  |TAMS 0x000000008d300000, 0x000000008d300000| Untracked 
| 158|0x000000008d400000, 0x000000008d400000, 0x000000008d500000|  0%| F|  |TAMS 0x000000008d400000, 0x000000008d400000| Untracked 
| 159|0x000000008d500000, 0x000000008d500000, 0x000000008d600000|  0%| F|  |TAMS 0x000000008d500000, 0x000000008d500000| Untracked 
| 160|0x000000008d600000, 0x000000008d6d3800, 0x000000008d700000| 82%| O|  |TAMS 0x000000008d6d3800, 0x000000008d600000| Untracked 
| 161|0x000000008d700000, 0x000000008d800000, 0x000000008d800000|100%|HS|  |TAMS 0x000000008d700000, 0x000000008d700000| Complete 
| 162|0x000000008d800000, 0x000000008d900000, 0x000000008d900000|100%|HC|  |TAMS 0x000000008d800000, 0x000000008d800000| Complete 
| 163|0x000000008d900000, 0x000000008da00000, 0x000000008da00000|100%|HC|  |TAMS 0x000000008d900000, 0x000000008d900000| Complete 
| 164|0x000000008da00000, 0x000000008db00000, 0x000000008db00000|100%|HC|  |TAMS 0x000000008da00000, 0x000000008da00000| Complete 
| 165|0x000000008db00000, 0x000000008dc00000, 0x000000008dc00000|100%|HC|  |TAMS 0x000000008db00000, 0x000000008db00000| Complete 
| 166|0x000000008dc00000, 0x000000008dc00000, 0x000000008dd00000|  0%| F|  |TAMS 0x000000008dc00000, 0x000000008dc00000| Untracked 
| 167|0x000000008dd00000, 0x000000008dd00000, 0x000000008de00000|  0%| F|  |TAMS 0x000000008dd00000, 0x000000008dd00000| Untracked 
| 168|0x000000008de00000, 0x000000008de00000, 0x000000008df00000|  0%| F|  |TAMS 0x000000008de00000, 0x000000008de00000| Untracked 
| 169|0x000000008df00000, 0x000000008df00000, 0x000000008e000000|  0%| F|  |TAMS 0x000000008df00000, 0x000000008df00000| Untracked 
| 170|0x000000008e000000, 0x000000008e000000, 0x000000008e100000|  0%| F|  |TAMS 0x000000008e000000, 0x000000008e000000| Untracked 
| 171|0x000000008e100000, 0x000000008e100000, 0x000000008e200000|  0%| F|  |TAMS 0x000000008e100000, 0x000000008e100000| Untracked 
| 172|0x000000008e200000, 0x000000008e200000, 0x000000008e300000|  0%| F|  |TAMS 0x000000008e200000, 0x000000008e200000| Untracked 
| 173|0x000000008e300000, 0x000000008e300000, 0x000000008e400000|  0%| F|  |TAMS 0x000000008e300000, 0x000000008e300000| Untracked 
| 174|0x000000008e400000, 0x000000008e400000, 0x000000008e500000|  0%| F|  |TAMS 0x000000008e400000, 0x000000008e400000| Untracked 
| 175|0x000000008e500000, 0x000000008e500000, 0x000000008e600000|  0%| F|  |TAMS 0x000000008e500000, 0x000000008e500000| Untracked 
| 176|0x000000008e600000, 0x000000008e600000, 0x000000008e700000|  0%| F|  |TAMS 0x000000008e600000, 0x000000008e600000| Untracked 
| 177|0x000000008e700000, 0x000000008e700000, 0x000000008e800000|  0%| F|  |TAMS 0x000000008e700000, 0x000000008e700000| Untracked 
| 178|0x000000008e800000, 0x000000008e800000, 0x000000008e900000|  0%| F|  |TAMS 0x000000008e800000, 0x000000008e800000| Untracked 
| 179|0x000000008e900000, 0x000000008e900000, 0x000000008ea00000|  0%| F|  |TAMS 0x000000008e900000, 0x000000008e900000| Untracked 
| 180|0x000000008ea00000, 0x000000008ea29300, 0x000000008eb00000| 16%| S|CS|TAMS 0x000000008ea00000, 0x000000008ea00000| Complete 
| 181|0x000000008eb00000, 0x000000008eb00000, 0x000000008ec00000|  0%| F|  |TAMS 0x000000008eb00000, 0x000000008eb00000| Untracked 
| 182|0x000000008ec00000, 0x000000008ec00000, 0x000000008ed00000|  0%| F|  |TAMS 0x000000008ec00000, 0x000000008ec00000| Untracked 
| 183|0x000000008ed00000, 0x000000008ed00000, 0x000000008ee00000|  0%| F|  |TAMS 0x000000008ed00000, 0x000000008ed00000| Untracked 
| 184|0x000000008ee00000, 0x000000008ee00000, 0x000000008ef00000|  0%| F|  |TAMS 0x000000008ee00000, 0x000000008ee00000| Untracked 
| 185|0x000000008ef00000, 0x000000008ef00000, 0x000000008f000000|  0%| F|  |TAMS 0x000000008ef00000, 0x000000008ef00000| Untracked 
| 186|0x000000008f000000, 0x000000008f000000, 0x000000008f100000|  0%| F|  |TAMS 0x000000008f000000, 0x000000008f000000| Untracked 
| 187|0x000000008f100000, 0x000000008f100000, 0x000000008f200000|  0%| F|  |TAMS 0x000000008f100000, 0x000000008f100000| Untracked 
| 188|0x000000008f200000, 0x000000008f200000, 0x000000008f300000|  0%| F|  |TAMS 0x000000008f200000, 0x000000008f200000| Untracked 
| 189|0x000000008f300000, 0x000000008f300000, 0x000000008f400000|  0%| F|  |TAMS 0x000000008f300000, 0x000000008f300000| Untracked 
| 190|0x000000008f400000, 0x000000008f400000, 0x000000008f500000|  0%| F|  |TAMS 0x000000008f400000, 0x000000008f400000| Untracked 
| 191|0x000000008f500000, 0x000000008f500000, 0x000000008f600000|  0%| F|  |TAMS 0x000000008f500000, 0x000000008f500000| Untracked 
| 192|0x000000008f600000, 0x000000008f600000, 0x000000008f700000|  0%| F|  |TAMS 0x000000008f600000, 0x000000008f600000| Untracked 
| 193|0x000000008f700000, 0x000000008f700000, 0x000000008f800000|  0%| F|  |TAMS 0x000000008f700000, 0x000000008f700000| Untracked 
| 194|0x000000008f800000, 0x000000008f800000, 0x000000008f900000|  0%| F|  |TAMS 0x000000008f800000, 0x000000008f800000| Untracked 
| 195|0x000000008f900000, 0x000000008f900000, 0x000000008fa00000|  0%| F|  |TAMS 0x000000008f900000, 0x000000008f900000| Untracked 
| 196|0x000000008fa00000, 0x000000008fa00000, 0x000000008fb00000|  0%| F|  |TAMS 0x000000008fa00000, 0x000000008fa00000| Untracked 
| 197|0x000000008fb00000, 0x000000008fb00000, 0x000000008fc00000|  0%| F|  |TAMS 0x000000008fb00000, 0x000000008fb00000| Untracked 
| 198|0x000000008fc00000, 0x000000008fc00000, 0x000000008fd00000|  0%| F|  |TAMS 0x000000008fc00000, 0x000000008fc00000| Untracked 
| 199|0x000000008fd00000, 0x000000008fd00000, 0x000000008fe00000|  0%| F|  |TAMS 0x000000008fd00000, 0x000000008fd00000| Untracked 
| 200|0x000000008fe00000, 0x000000008fe00000, 0x000000008ff00000|  0%| F|  |TAMS 0x000000008fe00000, 0x000000008fe00000| Untracked 
| 201|0x000000008ff00000, 0x000000008ff00000, 0x0000000090000000|  0%| F|  |TAMS 0x000000008ff00000, 0x000000008ff00000| Untracked 
| 202|0x0000000090000000, 0x0000000090000000, 0x0000000090100000|  0%| F|  |TAMS 0x0000000090000000, 0x0000000090000000| Untracked 
| 203|0x0000000090100000, 0x0000000090100000, 0x0000000090200000|  0%| F|  |TAMS 0x0000000090100000, 0x0000000090100000| Untracked 
| 204|0x0000000090200000, 0x0000000090200000, 0x0000000090300000|  0%| F|  |TAMS 0x0000000090200000, 0x0000000090200000| Untracked 
| 205|0x0000000090300000, 0x0000000090300000, 0x0000000090400000|  0%| F|  |TAMS 0x0000000090300000, 0x0000000090300000| Untracked 
| 206|0x0000000090400000, 0x0000000090400000, 0x0000000090500000|  0%| F|  |TAMS 0x0000000090400000, 0x0000000090400000| Untracked 
| 207|0x0000000090500000, 0x0000000090500000, 0x0000000090600000|  0%| F|  |TAMS 0x0000000090500000, 0x0000000090500000| Untracked 
| 208|0x0000000090600000, 0x0000000090600000, 0x0000000090700000|  0%| F|  |TAMS 0x0000000090600000, 0x0000000090600000| Untracked 
| 209|0x0000000090700000, 0x0000000090700000, 0x0000000090800000|  0%| F|  |TAMS 0x0000000090700000, 0x0000000090700000| Untracked 
| 210|0x0000000090800000, 0x0000000090800000, 0x0000000090900000|  0%| F|  |TAMS 0x0000000090800000, 0x0000000090800000| Untracked 
| 211|0x0000000090900000, 0x0000000090a00000, 0x0000000090a00000|100%| E|CS|TAMS 0x0000000090900000, 0x0000000090900000| Complete 
| 212|0x0000000090a00000, 0x0000000090a00000, 0x0000000090b00000|  0%| F|  |TAMS 0x0000000090a00000, 0x0000000090a00000| Untracked 
| 213|0x0000000090b00000, 0x0000000090b00000, 0x0000000090c00000|  0%| F|  |TAMS 0x0000000090b00000, 0x0000000090b00000| Untracked 
| 214|0x0000000090c00000, 0x0000000090c00000, 0x0000000090d00000|  0%| F|  |TAMS 0x0000000090c00000, 0x0000000090c00000| Untracked 
| 215|0x0000000090d00000, 0x0000000090d00000, 0x0000000090e00000|  0%| F|  |TAMS 0x0000000090d00000, 0x0000000090d00000| Untracked 
| 216|0x0000000090e00000, 0x0000000090e00000, 0x0000000090f00000|  0%| F|  |TAMS 0x0000000090e00000, 0x0000000090e00000| Untracked 
| 217|0x0000000090f00000, 0x0000000090f00000, 0x0000000091000000|  0%| F|  |TAMS 0x0000000090f00000, 0x0000000090f00000| Untracked 
| 218|0x0000000091000000, 0x0000000091000000, 0x0000000091100000|  0%| F|  |TAMS 0x0000000091000000, 0x0000000091000000| Untracked 
| 219|0x0000000091100000, 0x0000000091100000, 0x0000000091200000|  0%| F|  |TAMS 0x0000000091100000, 0x0000000091100000| Untracked 
| 220|0x0000000091200000, 0x0000000091200000, 0x0000000091300000|  0%| F|  |TAMS 0x0000000091200000, 0x0000000091200000| Untracked 
| 221|0x0000000091300000, 0x0000000091300000, 0x0000000091400000|  0%| F|  |TAMS 0x0000000091300000, 0x0000000091300000| Untracked 
| 222|0x0000000091400000, 0x0000000091400000, 0x0000000091500000|  0%| F|  |TAMS 0x0000000091400000, 0x0000000091400000| Untracked 
| 223|0x0000000091500000, 0x0000000091500000, 0x0000000091600000|  0%| F|  |TAMS 0x0000000091500000, 0x0000000091500000| Untracked 
| 224|0x0000000091600000, 0x0000000091600000, 0x0000000091700000|  0%| F|  |TAMS 0x0000000091600000, 0x0000000091600000| Untracked 
| 225|0x0000000091700000, 0x0000000091700000, 0x0000000091800000|  0%| F|  |TAMS 0x0000000091700000, 0x0000000091700000| Untracked 
| 226|0x0000000091800000, 0x0000000091800000, 0x0000000091900000|  0%| F|  |TAMS 0x0000000091800000, 0x0000000091800000| Untracked 
| 227|0x0000000091900000, 0x0000000091900000, 0x0000000091a00000|  0%| F|  |TAMS 0x0000000091900000, 0x0000000091900000| Untracked 
| 228|0x0000000091a00000, 0x0000000091a00000, 0x0000000091b00000|  0%| F|  |TAMS 0x0000000091a00000, 0x0000000091a00000| Untracked 
| 229|0x0000000091b00000, 0x0000000091b00000, 0x0000000091c00000|  0%| F|  |TAMS 0x0000000091b00000, 0x0000000091b00000| Untracked 
| 230|0x0000000091c00000, 0x0000000091c00000, 0x0000000091d00000|  0%| F|  |TAMS 0x0000000091c00000, 0x0000000091c00000| Untracked 
| 231|0x0000000091d00000, 0x0000000091d00000, 0x0000000091e00000|  0%| F|  |TAMS 0x0000000091d00000, 0x0000000091d00000| Untracked 
| 232|0x0000000091e00000, 0x0000000091e00000, 0x0000000091f00000|  0%| F|  |TAMS 0x0000000091e00000, 0x0000000091e00000| Untracked 
| 233|0x0000000091f00000, 0x0000000091f00000, 0x0000000092000000|  0%| F|  |TAMS 0x0000000091f00000, 0x0000000091f00000| Untracked 
| 234|0x0000000092000000, 0x0000000092000000, 0x0000000092100000|  0%| F|  |TAMS 0x0000000092000000, 0x0000000092000000| Untracked 
| 235|0x0000000092100000, 0x0000000092100000, 0x0000000092200000|  0%| F|  |TAMS 0x0000000092100000, 0x0000000092100000| Untracked 
| 236|0x0000000092200000, 0x0000000092200000, 0x0000000092300000|  0%| F|  |TAMS 0x0000000092200000, 0x0000000092200000| Untracked 
| 237|0x0000000092300000, 0x0000000092300000, 0x0000000092400000|  0%| F|  |TAMS 0x0000000092300000, 0x0000000092300000| Untracked 
| 238|0x0000000092400000, 0x0000000092400000, 0x0000000092500000|  0%| F|  |TAMS 0x0000000092400000, 0x0000000092400000| Untracked 
| 239|0x0000000092500000, 0x0000000092500000, 0x0000000092600000|  0%| F|  |TAMS 0x0000000092500000, 0x0000000092500000| Untracked 
| 240|0x0000000092600000, 0x0000000092600000, 0x0000000092700000|  0%| F|  |TAMS 0x0000000092600000, 0x0000000092600000| Untracked 
| 241|0x0000000092700000, 0x0000000092700000, 0x0000000092800000|  0%| F|  |TAMS 0x0000000092700000, 0x0000000092700000| Untracked 
| 242|0x0000000092800000, 0x0000000092800000, 0x0000000092900000|  0%| F|  |TAMS 0x0000000092800000, 0x0000000092800000| Untracked 
| 243|0x0000000092900000, 0x0000000092900000, 0x0000000092a00000|  0%| F|  |TAMS 0x0000000092900000, 0x0000000092900000| Untracked 
| 244|0x0000000092a00000, 0x0000000092a00000, 0x0000000092b00000|  0%| F|  |TAMS 0x0000000092a00000, 0x0000000092a00000| Untracked 
| 245|0x0000000092b00000, 0x0000000092b00000, 0x0000000092c00000|  0%| F|  |TAMS 0x0000000092b00000, 0x0000000092b00000| Untracked 
| 246|0x0000000092c00000, 0x0000000092c00000, 0x0000000092d00000|  0%| F|  |TAMS 0x0000000092c00000, 0x0000000092c00000| Untracked 
| 247|0x0000000092d00000, 0x0000000092d00000, 0x0000000092e00000|  0%| F|  |TAMS 0x0000000092d00000, 0x0000000092d00000| Untracked 
| 248|0x0000000092e00000, 0x0000000092e547c8, 0x0000000092f00000| 33%| E|  |TAMS 0x0000000092e00000, 0x0000000092e00000| Complete 
| 249|0x0000000092f00000, 0x0000000093000000, 0x0000000093000000|100%| E|CS|TAMS 0x0000000092f00000, 0x0000000092f00000| Complete 
| 250|0x0000000093000000, 0x0000000093100000, 0x0000000093100000|100%| E|CS|TAMS 0x0000000093000000, 0x0000000093000000| Complete 
| 251|0x0000000093100000, 0x0000000093200000, 0x0000000093200000|100%| E|CS|TAMS 0x0000000093100000, 0x0000000093100000| Complete 
| 252|0x0000000093200000, 0x0000000093300000, 0x0000000093300000|100%| E|CS|TAMS 0x0000000093200000, 0x0000000093200000| Complete 
| 253|0x0000000093300000, 0x0000000093400000, 0x0000000093400000|100%| E|CS|TAMS 0x0000000093300000, 0x0000000093300000| Complete 
| 254|0x0000000093400000, 0x0000000093500000, 0x0000000093500000|100%| E|CS|TAMS 0x0000000093400000, 0x0000000093400000| Complete 
| 255|0x0000000093500000, 0x0000000093600000, 0x0000000093600000|100%| E|CS|TAMS 0x0000000093500000, 0x0000000093500000| Complete 
| 256|0x0000000093600000, 0x0000000093700000, 0x0000000093700000|100%| E|CS|TAMS 0x0000000093600000, 0x0000000093600000| Complete 
| 257|0x0000000093700000, 0x0000000093800000, 0x0000000093800000|100%| E|CS|TAMS 0x0000000093700000, 0x0000000093700000| Complete 
| 258|0x0000000093800000, 0x0000000093900000, 0x0000000093900000|100%| E|CS|TAMS 0x0000000093800000, 0x0000000093800000| Complete 
| 259|0x0000000093900000, 0x0000000093a00000, 0x0000000093a00000|100%| E|CS|TAMS 0x0000000093900000, 0x0000000093900000| Complete 
| 260|0x0000000093a00000, 0x0000000093b00000, 0x0000000093b00000|100%| E|CS|TAMS 0x0000000093a00000, 0x0000000093a00000| Complete 
| 261|0x0000000093b00000, 0x0000000093c00000, 0x0000000093c00000|100%| E|CS|TAMS 0x0000000093b00000, 0x0000000093b00000| Complete 
| 262|0x0000000093c00000, 0x0000000093d00000, 0x0000000093d00000|100%| E|CS|TAMS 0x0000000093c00000, 0x0000000093c00000| Complete 
| 263|0x0000000093d00000, 0x0000000093e00000, 0x0000000093e00000|100%| E|CS|TAMS 0x0000000093d00000, 0x0000000093d00000| Complete 

Card table byte_map: [0x0000019073a20000,0x0000019073e10000] _byte_map_base: 0x0000019073605000

Marking Bits (Prev, Next): (CMBitMap*) 0x000001905c89b8c0, (CMBitMap*) 0x000001905c89b900
 Prev Bits: [0x0000019074200000, 0x0000019076128000)
 Next Bits: [0x0000019076130000, 0x0000019078058000)

Polling page: 0x000001905c010000

Metaspace:

Usage:
  Non-class:     84.99 MB used.
      Class:     12.85 MB used.
       Both:     97.85 MB used.

Virtual space:
  Non-class space:      128.00 MB reserved,      85.44 MB ( 67%) committed,  2 nodes.
      Class space:        1.00 GB reserved,      13.25 MB (  1%) committed,  1 nodes.
             Both:        1.12 GB reserved,      98.69 MB (  9%) committed. 

Chunk freelists:
   Non-Class:  10.23 MB
       Class:  2.78 MB
        Both:  13.02 MB

MaxMetaspaceSize: unlimited
CompressedClassSpaceSize: 1.00 GB
Initial GC threshold: 21.00 MB
Current GC threshold: 164.31 MB
CDS: on
MetaspaceReclaimPolicy: balanced
 - commit_granule_bytes: 65536.
 - commit_granule_words: 8192.
 - virtual_space_node_default_size: 8388608.
 - enlarge_chunks_in_place: 1.
 - new_chunks_are_fully_committed: 0.
 - uncommit_free_chunks: 1.
 - use_allocation_guard: 0.
 - handle_deallocations: 1.


Internal statistics:

num_allocs_failed_limit: 6.
num_arena_births: 1270.
num_arena_deaths: 46.
num_vsnodes_births: 3.
num_vsnodes_deaths: 0.
num_space_committed: 1579.
num_space_uncommitted: 0.
num_chunks_returned_to_freelist: 75.
num_chunks_taken_from_freelist: 5219.
num_chunk_merges: 21.
num_chunk_splits: 3642.
num_chunks_enlarged: 2743.
num_purges: 2.
num_inconsistent_stats: 0.

CodeHeap 'non-profiled nmethods': size=120000Kb used=7607Kb max_used=7607Kb free=112392Kb
 bounds [0x000001906bbb0000, 0x000001906c320000, 0x00000190730e0000]
CodeHeap 'profiled nmethods': size=120000Kb used=22114Kb max_used=22114Kb free=97885Kb
 bounds [0x00000190640e0000, 0x0000019065680000, 0x000001906b610000]
CodeHeap 'non-nmethods': size=5760Kb used=1430Kb max_used=1531Kb free=4330Kb
 bounds [0x000001906b610000, 0x000001906b880000, 0x000001906bbb0000]
 total_blobs=13200 nmethods=12417 adapters=694
 compilation: enabled
              stopped_count=0, restarted_count=0
 full_count=0

Compilation events (20 events):
Event: 420.434 Thread 0x000001907acacef0 14654       3       com.fasterxml.jackson.core.json.UTF8StreamJsonParser::nextFieldName (535 bytes)
Event: 420.436 Thread 0x000001907acacef0 nmethod 14654 0x000001906565e290 code [0x000001906565e7e0, 0x0000019065660d88]
Event: 420.436 Thread 0x000001907acacef0 14649       3       org.apache.catalina.core.ApplicationFilterFactory::matchDispatcher (103 bytes)
Event: 420.438 Thread 0x000001907acacef0 nmethod 14649 0x0000019065661690 code [0x00000190656618a0, 0x0000019065662058]
Event: 420.438 Thread 0x000001907acacef0 14658       3       org.hibernate.spi.NavigablePath::<init> (63 bytes)
Event: 420.440 Thread 0x000001907acacef0 nmethod 14658 0x0000019065662290 code [0x00000190656624a0, 0x0000019065662c58]
Event: 420.440 Thread 0x000001907acacef0 14660       3       org.hibernate.internal.util.collections.ConcurrentReferenceHashMap::hash (49 bytes)
Event: 420.440 Thread 0x000001907acacef0 nmethod 14660 0x0000019065662e90 code [0x0000019065663020, 0x0000019065663158]
Event: 420.440 Thread 0x000001907acacef0 14650       3       java.security.MessageDigestSpi::<init> (5 bytes)
Event: 420.440 Thread 0x000001907acacef0 nmethod 14650 0x0000019065663210 code [0x00000190656633a0, 0x00000190656634f8]
Event: 420.440 Thread 0x000001907acacef0 14659       3       org.hibernate.event.internal.DefaultLoadEventListener::loadWithRegularProxy (61 bytes)
Event: 420.451 Thread 0x000001907acacef0 nmethod 14659 0x0000019065663590 code [0x00000190656637e0, 0x0000019065663f58]
Event: 420.451 Thread 0x000001907acacef0 14657       3       java.util.TreeMap::<init> (20 bytes)
Event: 420.453 Thread 0x000001907acacef0 nmethod 14657 0x0000019065664310 code [0x00000190656644c0, 0x00000190656646f8]
Event: 420.453 Thread 0x000001907acacef0 14636       1       com.fasterxml.jackson.core.base.GeneratorBase::getOutputContext (5 bytes)
Event: 420.454 Thread 0x000001907acacef0 nmethod 14636 0x000001906c31c910 code [0x000001906c31caa0, 0x000001906c31cb78]
Event: 420.455 Thread 0x000001907acacef0 14637       1       com.fasterxml.jackson.core.io.IOContext::isResourceManaged (5 bytes)
Event: 420.455 Thread 0x000001907acacef0 nmethod 14637 0x000001906c31cc10 code [0x000001906c31cda0, 0x000001906c31ce78]
Event: 420.455 Thread 0x000001907acacef0 14662       1       com.fasterxml.jackson.databind.cfg.MapperConfigBase::getFullRootName (5 bytes)
Event: 420.455 Thread 0x000001907acacef0 nmethod 14662 0x000001906c31cf10 code [0x000001906c31d0a0, 0x000001906c31d178]

GC Heap History (20 events):
Event: 142.765 GC heap before
{Heap before GC invocations=52 (full 0):
 garbage-first heap   total 158720K, used 75976K [0x0000000083600000, 0x0000000100000000)
  region size 1024K, 5 young (5120K), 3 survivors (3072K)
 Metaspace       used 95442K, committed 96192K, reserved 1179648K
  class space    used 12666K, committed 12992K, reserved 1048576K
}
Event: 142.770 GC heap after
{Heap after GC invocations=53 (full 0):
 garbage-first heap   total 158720K, used 74848K [0x0000000083600000, 0x0000000100000000)
  region size 1024K, 3 young (3072K), 3 survivors (3072K)
 Metaspace       used 95442K, committed 96192K, reserved 1179648K
  class space    used 12666K, committed 12992K, reserved 1048576K
}
Event: 157.868 GC heap before
{Heap before GC invocations=54 (full 0):
 garbage-first heap   total 158720K, used 148576K [0x0000000083600000, 0x0000000100000000)
  region size 1024K, 42 young (43008K), 3 survivors (3072K)
 Metaspace       used 97844K, committed 98560K, reserved 1179648K
  class space    used 13057K, committed 13376K, reserved 1048576K
}
Event: 157.873 GC heap after
{Heap after GC invocations=55 (full 0):
 garbage-first heap   total 158720K, used 113241K [0x0000000083600000, 0x0000000100000000)
  region size 1024K, 5 young (5120K), 5 survivors (5120K)
 Metaspace       used 97844K, committed 98560K, reserved 1179648K
  class space    used 13057K, committed 13376K, reserved 1048576K
}
Event: 157.890 GC heap before
{Heap before GC invocations=55 (full 0):
 garbage-first heap   total 158720K, used 115289K [0x0000000083600000, 0x0000000100000000)
  region size 1024K, 7 young (7168K), 5 survivors (5120K)
 Metaspace       used 97855K, committed 98560K, reserved 1179648K
  class space    used 13057K, committed 13376K, reserved 1048576K
}
Event: 157.917 GC heap after
{Heap after GC invocations=56 (full 0):
 garbage-first heap   total 158720K, used 113018K [0x0000000083600000, 0x0000000100000000)
  region size 1024K, 1 young (1024K), 1 survivors (1024K)
 Metaspace       used 97855K, committed 98560K, reserved 1179648K
  class space    used 13057K, committed 13376K, reserved 1048576K
}
Event: 186.159 GC heap before
{Heap before GC invocations=56 (full 0):
 garbage-first heap   total 158720K, used 136570K [0x0000000083600000, 0x0000000100000000)
  region size 1024K, 24 young (24576K), 1 survivors (1024K)
 Metaspace       used 99021K, committed 99776K, reserved 1179648K
  class space    used 13139K, committed 13504K, reserved 1048576K
}
Event: 186.231 GC heap after
{Heap after GC invocations=57 (full 0):
 garbage-first heap   total 158720K, used 113003K [0x0000000083600000, 0x0000000100000000)
  region size 1024K, 1 young (1024K), 1 survivors (1024K)
 Metaspace       used 99021K, committed 99776K, reserved 1179648K
  class space    used 13139K, committed 13504K, reserved 1048576K
}
Event: 219.350 GC heap before
{Heap before GC invocations=58 (full 0):
 garbage-first heap   total 191488K, used 136555K [0x0000000083600000, 0x0000000100000000)
  region size 1024K, 25 young (25600K), 1 survivors (1024K)
 Metaspace       used 99165K, committed 99968K, reserved 1179648K
  class space    used 13140K, committed 13504K, reserved 1048576K
}
Event: 219.529 GC heap after
{Heap after GC invocations=59 (full 0):
 garbage-first heap   total 191488K, used 113078K [0x0000000083600000, 0x0000000100000000)
  region size 1024K, 1 young (1024K), 1 survivors (1024K)
 Metaspace       used 99165K, committed 99968K, reserved 1179648K
  class space    used 13140K, committed 13504K, reserved 1048576K
}
Event: 220.947 GC heap before
{Heap before GC invocations=59 (full 0):
 garbage-first heap   total 191488K, used 121270K [0x0000000083600000, 0x0000000100000000)
  region size 1024K, 9 young (9216K), 1 survivors (1024K)
 Metaspace       used 99351K, committed 100160K, reserved 1179648K
  class space    used 13141K, committed 13504K, reserved 1048576K
}
Event: 220.961 GC heap after
{Heap after GC invocations=60 (full 0):
 garbage-first heap   total 191488K, used 112458K [0x0000000083600000, 0x0000000100000000)
  region size 1024K, 1 young (1024K), 1 survivors (1024K)
 Metaspace       used 99351K, committed 100160K, reserved 1179648K
  class space    used 13141K, committed 13504K, reserved 1048576K
}
Event: 229.869 GC heap before
{Heap before GC invocations=60 (full 0):
 garbage-first heap   total 191488K, used 126794K [0x0000000083600000, 0x0000000100000000)
  region size 1024K, 16 young (16384K), 1 survivors (1024K)
 Metaspace       used 99616K, committed 100416K, reserved 1179648K
  class space    used 13149K, committed 13504K, reserved 1048576K
}
Event: 229.890 GC heap after
{Heap after GC invocations=61 (full 0):
 garbage-first heap   total 191488K, used 112887K [0x0000000083600000, 0x0000000100000000)
  region size 1024K, 1 young (1024K), 1 survivors (1024K)
 Metaspace       used 99616K, committed 100416K, reserved 1179648K
  class space    used 13149K, committed 13504K, reserved 1048576K
}
Event: 299.946 GC heap before
{Heap before GC invocations=62 (full 0):
 garbage-first heap   total 217088K, used 210167K [0x0000000083600000, 0x0000000100000000)
  region size 1024K, 52 young (53248K), 1 survivors (1024K)
 Metaspace       used 100010K, committed 100800K, reserved 1179648K
  class space    used 13150K, committed 13568K, reserved 1048576K
}
Event: 299.987 GC heap after
{Heap after GC invocations=63 (full 0):
 garbage-first heap   total 217088K, used 160407K [0x0000000083600000, 0x0000000100000000)
  region size 1024K, 3 young (3072K), 3 survivors (3072K)
 Metaspace       used 100010K, committed 100800K, reserved 1179648K
  class space    used 13150K, committed 13568K, reserved 1048576K
}
Event: 319.845 GC heap before
{Heap before GC invocations=63 (full 0):
 garbage-first heap   total 217088K, used 167575K [0x0000000083600000, 0x0000000100000000)
  region size 1024K, 10 young (10240K), 3 survivors (3072K)
 Metaspace       used 100026K, committed 100928K, reserved 1179648K
  class space    used 13151K, committed 13568K, reserved 1048576K
}
Event: 319.920 GC heap after
{Heap after GC invocations=64 (full 0):
 garbage-first heap   total 217088K, used 159925K [0x0000000083600000, 0x0000000100000000)
  region size 1024K, 1 young (1024K), 1 survivors (1024K)
 Metaspace       used 100026K, committed 100928K, reserved 1179648K
  class space    used 13151K, committed 13568K, reserved 1048576K
}
Event: 410.614 GC heap before
{Heap before GC invocations=64 (full 0):
 garbage-first heap   total 217088K, used 190645K [0x0000000083600000, 0x0000000100000000)
  region size 1024K, 31 young (31744K), 1 survivors (1024K)
 Metaspace       used 100078K, committed 100928K, reserved 1179648K
  class space    used 13161K, committed 13568K, reserved 1048576K
}
Event: 410.731 GC heap after
{Heap after GC invocations=65 (full 0):
 garbage-first heap   total 217088K, used 159730K [0x0000000083600000, 0x0000000100000000)
  region size 1024K, 1 young (1024K), 1 survivors (1024K)
 Metaspace       used 100078K, committed 100928K, reserved 1179648K
  class space    used 13161K, committed 13568K, reserved 1048576K
}

Deoptimization events (20 events):
Event: 282.267 Thread 0x0000019045ddcc80 Uncommon trap: trap_request=0xffffff45 fr.pc=0x000001906c178034 relative=0x00000000000005f4
Event: 282.267 Thread 0x0000019045ddcc80 Uncommon trap: reason=unstable_if action=reinterpret pc=0x000001906c178034 method=org.hibernate.engine.jdbc.internal.BasicFormatterImpl$FormatProcess.misc()V @ 8 c2
Event: 282.267 Thread 0x0000019045ddcc80 DEOPT PACKING pc=0x000001906c178034 sp=0x00000075ff5f8880
Event: 282.267 Thread 0x0000019045ddcc80 DEOPT UNPACKING pc=0x000001906b6623a3 sp=0x00000075ff5f8878 mode 2
Event: 282.268 Thread 0x0000019045ddcc80 Uncommon trap: trap_request=0xffffff45 fr.pc=0x000001906c17ed2c relative=0x00000000000026ec
Event: 282.268 Thread 0x0000019045ddcc80 Uncommon trap: reason=unstable_if action=reinterpret pc=0x000001906c17ed2c method=com.mysql.cj.QueryInfo.<init>(Ljava/lang/String;Lcom/mysql/cj/Session;Ljava/lang/String;)V @ 294 c2
Event: 282.268 Thread 0x0000019045ddcc80 DEOPT PACKING pc=0x000001906c17ed2c sp=0x00000075ff5f8170
Event: 282.268 Thread 0x0000019045ddcc80 DEOPT UNPACKING pc=0x000001906b6623a3 sp=0x00000075ff5f80b8 mode 2
Event: 282.634 Thread 0x0000019045dd8450 DEOPT PACKING pc=0x00000190651220cb sp=0x00000075ffcfc160
Event: 282.634 Thread 0x0000019045dd8450 DEOPT UNPACKING pc=0x000001906b662b43 sp=0x00000075ffcfb610 mode 0
Event: 282.702 Thread 0x0000019045ddcc80 DEOPT PACKING pc=0x00000190655d2635 sp=0x00000075ff5f8370
Event: 282.703 Thread 0x0000019045ddcc80 DEOPT UNPACKING pc=0x000001906b662b43 sp=0x00000075ff5f7a38 mode 0
Event: 282.737 Thread 0x0000019045ddd620 DEOPT PACKING pc=0x00000190651220cb sp=0x00000075ff8f8b40
Event: 282.737 Thread 0x0000019045ddd620 DEOPT UNPACKING pc=0x000001906b662b43 sp=0x00000075ff8f7ff0 mode 0
Event: 370.058 Thread 0x0000019043120240 DEOPT PACKING pc=0x0000019064b55f66 sp=0x00000075817fe5e0
Event: 370.060 Thread 0x0000019043120240 DEOPT UNPACKING pc=0x000001906b662b43 sp=0x00000075817fdaa8 mode 0
Event: 420.146 Thread 0x0000019043120240 DEOPT PACKING pc=0x00000190655d2635 sp=0x00000075815f9cc0
Event: 420.148 Thread 0x0000019043120240 DEOPT UNPACKING pc=0x000001906b662b43 sp=0x00000075815f9388 mode 0
Event: 420.349 Thread 0x0000019043120710 DEOPT PACKING pc=0x00000190655d2635 sp=0x0000007581bf8f70
Event: 420.350 Thread 0x0000019043120710 DEOPT UNPACKING pc=0x000001906b662b43 sp=0x0000007581bf8638 mode 0

Classes unloaded (20 events):
Event: 142.911 Thread 0x000001907ac877d0 Unloading class 0x00000190019ec400 'jdk/internal/reflect/GeneratedSerializationConstructorAccessor20'
Event: 142.911 Thread 0x000001907ac877d0 Unloading class 0x00000190019e6c00 'jdk/internal/reflect/GeneratedSerializationConstructorAccessor19'
Event: 142.911 Thread 0x000001907ac877d0 Unloading class 0x00000190019e6800 'jdk/internal/reflect/GeneratedSerializationConstructorAccessor18'
Event: 142.912 Thread 0x000001907ac877d0 Unloading class 0x00000190019e5c00 'jdk/internal/reflect/GeneratedSerializationConstructorAccessor17'
Event: 142.912 Thread 0x000001907ac877d0 Unloading class 0x00000190019e5800 'jdk/internal/reflect/GeneratedSerializationConstructorAccessor16'
Event: 142.912 Thread 0x000001907ac877d0 Unloading class 0x00000190019e4400 'jdk/internal/reflect/GeneratedSerializationConstructorAccessor15'
Event: 142.912 Thread 0x000001907ac877d0 Unloading class 0x00000190019e4000 'jdk/internal/reflect/GeneratedSerializationConstructorAccessor14'
Event: 142.912 Thread 0x000001907ac877d0 Unloading class 0x00000190019d9000 'jdk/internal/reflect/GeneratedSerializationConstructorAccessor13'
Event: 142.912 Thread 0x000001907ac877d0 Unloading class 0x00000190019d8c00 'jdk/internal/reflect/GeneratedSerializationConstructorAccessor12'
Event: 142.913 Thread 0x000001907ac877d0 Unloading class 0x00000190019d8800 'jdk/internal/reflect/GeneratedSerializationConstructorAccessor11'
Event: 142.913 Thread 0x000001907ac877d0 Unloading class 0x00000190019d8400 'jdk/internal/reflect/GeneratedSerializationConstructorAccessor10'
Event: 142.913 Thread 0x000001907ac877d0 Unloading class 0x00000190019d8000 'jdk/internal/reflect/GeneratedSerializationConstructorAccessor9'
Event: 142.913 Thread 0x000001907ac877d0 Unloading class 0x00000190019d5c00 'jdk/internal/reflect/GeneratedSerializationConstructorAccessor8'
Event: 142.913 Thread 0x000001907ac877d0 Unloading class 0x00000190019d4c00 'jdk/internal/reflect/GeneratedSerializationConstructorAccessor7'
Event: 142.913 Thread 0x000001907ac877d0 Unloading class 0x00000190019d4800 'jdk/internal/reflect/GeneratedSerializationConstructorAccessor6'
Event: 142.913 Thread 0x000001907ac877d0 Unloading class 0x00000190019cac00 'jdk/internal/reflect/GeneratedSerializationConstructorAccessor5'
Event: 142.913 Thread 0x000001907ac877d0 Unloading class 0x00000190019ca800 'jdk/internal/reflect/GeneratedSerializationConstructorAccessor4'
Event: 142.914 Thread 0x000001907ac877d0 Unloading class 0x00000190019c4c00 'jdk/internal/reflect/GeneratedSerializationConstructorAccessor3'
Event: 142.914 Thread 0x000001907ac877d0 Unloading class 0x00000190019c4400 'jdk/internal/reflect/GeneratedSerializationConstructorAccessor2'
Event: 142.914 Thread 0x000001907ac877d0 Unloading class 0x00000190019c4000 'jdk/internal/reflect/GeneratedSerializationConstructorAccessor1'

Classes redefined (0 events):
No events

Internal exceptions (20 events):
Event: 137.465 Thread 0x0000019045ddc2e0 Exception <a 'java/lang/NoSuchMethodError'{0x000000008b084310}: 'java.lang.Object java.lang.invoke.DirectMethodHandle$Holder.invokeSpecial(java.lang.Object, java.lang.Object, java.lang.Object, java.lang.Object, java.lang.Object, long)'> (0x000000008b084310) 
thrown [s\open\src\hotspot\share\interpreter\linkResolver.cpp, line 759]
Event: 137.466 Thread 0x0000019045ddc2e0 Exception <a 'java/lang/NoSuchMethodError'{0x000000008b087d50}: 'java.lang.Object java.lang.invoke.Invokers$Holder.linkToTargetMethod(java.lang.Object, java.lang.Object, java.lang.Object, long, java.lang.Object)'> (0x000000008b087d50) 
thrown [s\open\src\hotspot\share\interpreter\linkResolver.cpp, line 759]
Event: 137.870 Thread 0x0000019045ddc2e0 Implicit null exception at 0x000001906be2c1a6 to 0x000001906be2d64c
Event: 138.303 Thread 0x0000019045ddc7b0 Exception <a 'java/lang/NoSuchMethodError'{0x000000008a8881a8}: 'java.lang.Object java.lang.invoke.Invokers$Holder.invoke_MT(java.lang.Object, java.lang.Object, java.lang.Object, int, java.lang.Object)'> (0x000000008a8881a8) 
thrown [s\open\src\hotspot\share\interpreter\linkResolver.cpp, line 759]
Event: 138.306 Thread 0x0000019045ddc7b0 Exception <a 'java/lang/NoSuchMethodError'{0x000000008a88e7b0}: 'int java.lang.invoke.DirectMethodHandle$Holder.invokeStatic(java.lang.Object, java.lang.Object, int, int)'> (0x000000008a88e7b0) 
thrown [s\open\src\hotspot\share\interpreter\linkResolver.cpp, line 759]
Event: 138.754 Thread 0x0000019045ddc7b0 Exception <a 'java/lang/NoSuchMethodError'{0x0000000089e2b198}: 'java.lang.Object java.lang.invoke.Invokers$Holder.invoke_MT(java.lang.Object, java.lang.Object, java.lang.Object, java.lang.Object, java.lang.Object)'> (0x0000000089e2b198) 
thrown [s\open\src\hotspot\share\interpreter\linkResolver.cpp, line 759]
Event: 138.755 Thread 0x0000019045ddc7b0 Exception <a 'java/lang/NoSuchMethodError'{0x0000000089e2f5a8}: 'int java.lang.invoke.Invokers$Holder.invokeExact_MT(java.lang.Object, java.lang.Object, java.lang.Object)'> (0x0000000089e2f5a8) 
thrown [s\open\src\hotspot\share\interpreter\linkResolver.cpp, line 759]
Event: 138.756 Thread 0x0000019045ddc7b0 Exception <a 'java/lang/NoSuchMethodError'{0x0000000089e33948}: 'java.lang.Object java.lang.invoke.Invokers$Holder.invokeExact_MT(java.lang.Object, java.lang.Object, java.lang.Object)'> (0x0000000089e33948) 
thrown [s\open\src\hotspot\share\interpreter\linkResolver.cpp, line 759]
Event: 138.765 Thread 0x0000019045ddc7b0 Exception <a 'java/lang/IllegalArgumentException'{0x0000000089e782e0}: argument type mismatch> (0x0000000089e782e0) 
thrown [s\open\src\hotspot\share\runtime\reflection.cpp, line 1094]
Event: 139.080 Thread 0x0000019045ddc7b0 Implicit null exception at 0x000001906bdc45ec to 0x000001906bdc469c
Event: 139.784 Thread 0x0000019045ddc7b0 Exception <a 'java/lang/NoSuchMethodError'{0x0000000089516398}: 'void java.lang.invoke.DirectMethodHandle$Holder.invokeSpecialIFC(java.lang.Object, java.lang.Object, int, java.lang.Object, java.lang.Object, java.lang.Object, java.lang.Object)'> (0x0000000089516398) 
thrown [s\open\src\hotspot\share\interpreter\linkResolver.cpp, line 759]
Event: 140.190 Thread 0x0000019045ddc7b0 Implicit null exception at 0x000001906bc2d696 to 0x000001906bc2e438
Event: 140.190 Thread 0x0000019045ddc7b0 Implicit null exception at 0x000001906c12ed4a to 0x000001906c137204
Event: 140.240 Thread 0x0000019045ddc7b0 Exception <a 'java/lang/NoSuchMethodError'{0x0000000088e27f28}: 'void java.lang.invoke.Invokers$Holder.invoke_MT(java.lang.Object, java.lang.Object, java.lang.Object, java.lang.Object)'> (0x0000000088e27f28) 
thrown [s\open\src\hotspot\share\interpreter\linkResolver.cpp, line 759]
Event: 140.380 Thread 0x0000019045ddc7b0 Exception <a 'java/lang/IncompatibleClassChangeError'{0x0000000088ee0fc8}: Found class java.lang.Object, but interface was expected> (0x0000000088ee0fc8) 
thrown [s\open\src\hotspot\share\interpreter\linkResolver.cpp, line 826]
Event: 140.407 Thread 0x0000019045ddc7b0 Exception <a 'java/lang/NoSuchMethodError'{0x0000000088d34510}: 'void java.lang.invoke.DirectMethodHandle$Holder.invokeSpecial(java.lang.Object, java.lang.Object, java.lang.Object, java.lang.Object, java.lang.Object, java.lang.Object, java.lang.Object, java.lang.Object, java.lang.Object)'> (0x0000000088d34510) 
thrown [s\open\src\hotspot\share\interpreter\linkResolver.cpp, line 759]
Event: 141.392 Thread 0x0000019045ddd150 Exception <a 'java/lang/NoSuchMethodError'{0x000000008b533218}: 'java.lang.Object java.lang.invoke.DirectMethodHandle$Holder.invokeInterface(java.lang.Object, java.lang.Object, int)'> (0x000000008b533218) 
thrown [s\open\src\hotspot\share\interpreter\linkResolver.cpp, line 759]
Event: 142.136 Thread 0x0000019045ddafa0 Exception <a 'java/lang/NoSuchMethodError'{0x000000008a421b90}: 'java.lang.Object java.lang.invoke.Invokers$Holder.linkToTargetMethod(java.lang.Object, int, java.lang.Object, java.lang.Object, java.lang.Object, java.lang.Object)'> (0x000000008a421b90) 
thrown [s\open\src\hotspot\share\interpreter\linkResolver.cpp, line 759]
Event: 157.963 Thread 0x0000019045ddd150 Exception <a 'java/lang/NoSuchMethodError'{0x000000008cd02c10}: 'int java.lang.invoke.DirectMethodHandle$Holder.invokeStatic(java.lang.Object)'> (0x000000008cd02c10) 
thrown [s\open\src\hotspot\share\interpreter\linkResolver.cpp, line 759]
Event: 229.957 Thread 0x0000019043122d90 Implicit null exception at 0x000001906be7534f to 0x000001906be7553c

VM Operations (20 events):
Event: 315.134 Executing VM operation: Cleanup
Event: 315.134 Executing VM operation: Cleanup done
Event: 319.845 Executing VM operation: G1CollectForAllocation
Event: 319.920 Executing VM operation: G1CollectForAllocation done
Event: 320.934 Executing VM operation: Cleanup
Event: 320.934 Executing VM operation: Cleanup done
Event: 324.986 Executing VM operation: Cleanup
Event: 324.986 Executing VM operation: Cleanup done
Event: 369.396 Executing VM operation: Cleanup
Event: 369.401 Executing VM operation: Cleanup done
Event: 371.406 Executing VM operation: Cleanup
Event: 371.406 Executing VM operation: Cleanup done
Event: 395.621 Executing VM operation: Cleanup
Event: 395.621 Executing VM operation: Cleanup done
Event: 410.610 Executing VM operation: G1CollectForAllocation
Event: 410.732 Executing VM operation: G1CollectForAllocation done
Event: 411.237 Executing VM operation: G1Concurrent
Event: 411.603 Executing VM operation: G1Concurrent done
Event: 411.660 Executing VM operation: G1Concurrent
Event: 411.661 Executing VM operation: G1Concurrent done

Events (20 events):
Event: 369.977 loading class javax/crypto/IllegalBlockSizeException
Event: 369.982 loading class javax/crypto/IllegalBlockSizeException done
Event: 369.982 loading class javax/crypto/BadPaddingException
Event: 369.987 loading class javax/crypto/BadPaddingException done
Event: 369.990 loading class java/security/spec/InvalidKeySpecException
Event: 369.992 loading class java/security/spec/InvalidKeySpecException done
Event: 369.995 loading class java/security/UnrecoverableKeyException
Event: 370.002 loading class java/security/UnrecoverableEntryException
Event: 370.004 loading class java/security/UnrecoverableEntryException done
Event: 370.005 loading class java/security/UnrecoverableKeyException done
Event: 370.005 loading class java/security/KeyStoreException
Event: 370.006 loading class java/security/KeyStoreException done
Event: 370.006 loading class java/security/KeyManagementException
Event: 370.008 loading class java/security/KeyManagementException done
Event: 370.009 loading class javax/net/ssl/TrustManager
Event: 370.016 loading class javax/net/ssl/TrustManager done
Event: 375.209 Thread 0x0000019043120240 Thread exited: 0x0000019043120240
Event: 420.082 Thread 0x0000019043120240 Thread added: 0x0000019043120240
Event: 420.084 Thread 0x00000190431223f0 Thread added: 0x00000190431223f0
Event: 420.329 Thread 0x0000019043120710 Thread added: 0x0000019043120710


Dynamic libraries:
0x00007ff774560000 - 0x00007ff774570000 	C:\Program Files\Java\jdk-17\bin\java.exe
0x00007ffa9c470000 - 0x00007ffa9c667000 	C:\Windows\SYSTEM32\ntdll.dll
0x00007ffa9c310000 - 0x00007ffa9c3cd000 	C:\Windows\System32\KERNEL32.DLL
0x00007ffa99cf0000 - 0x00007ffa99fe6000 	C:\Windows\System32\KERNELBASE.dll
0x00007ffa9a170000 - 0x00007ffa9a270000 	C:\Windows\System32\ucrtbase.dll
0x00007ffa8aa30000 - 0x00007ffa8aa49000 	C:\Program Files\Java\jdk-17\bin\jli.dll
0x00007ffa9aa80000 - 0x00007ffa9ab2e000 	C:\Windows\System32\ADVAPI32.dll
0x00007ffa9a600000 - 0x00007ffa9a69e000 	C:\Windows\System32\msvcrt.dll
0x00007ffa9c1c0000 - 0x00007ffa9c25c000 	C:\Windows\System32\sechost.dll
0x00007ffa9a930000 - 0x00007ffa9aa56000 	C:\Windows\System32\RPCRT4.dll
0x00007ffa8cba0000 - 0x00007ffa8cbbb000 	C:\Program Files\Java\jdk-17\bin\VCRUNTIME140.dll
0x00007ffa9a6a0000 - 0x00007ffa9a83e000 	C:\Windows\System32\USER32.dll
0x00007ffa787a0000 - 0x00007ffa78a3a000 	C:\Windows\WinSxS\amd64_microsoft.windows.common-controls_6595b64144ccf1df_6.0.19041.3570_none_60bb2a3971f3e41a\COMCTL32.dll
0x00007ffa99cc0000 - 0x00007ffa99ce2000 	C:\Windows\System32\win32u.dll
0x00007ffa9c190000 - 0x00007ffa9c1bc000 	C:\Windows\System32\GDI32.dll
0x00007ffa99b50000 - 0x00007ffa99c6a000 	C:\Windows\System32\gdi32full.dll
0x00007ffa99ff0000 - 0x00007ffa9a08d000 	C:\Windows\System32\msvcp_win.dll
0x00007ffa8b910000 - 0x00007ffa8b91a000 	C:\Windows\SYSTEM32\VERSION.dll
0x00007ffa9b7c0000 - 0x00007ffa9b7f0000 	C:\Windows\System32\IMM32.DLL
0x00007ffa8bbe0000 - 0x00007ffa8bbec000 	C:\Program Files\Java\jdk-17\bin\vcruntime140_1.dll
0x00007ffa6bb80000 - 0x00007ffa6bc0e000 	C:\Program Files\Java\jdk-17\bin\msvcp140.dll
0x00007ffa4e250000 - 0x00007ffa4ee2e000 	C:\Program Files\Java\jdk-17\bin\server\jvm.dll
0x00007ffa9a8c0000 - 0x00007ffa9a8c8000 	C:\Windows\System32\PSAPI.DLL
0x00007ffa95030000 - 0x00007ffa95057000 	C:\Windows\SYSTEM32\WINMM.dll
0x00007ffa891b0000 - 0x00007ffa891b9000 	C:\Windows\SYSTEM32\WSOCK32.dll
0x00007ffa9b910000 - 0x00007ffa9b97b000 	C:\Windows\System32\WS2_32.dll
0x00007ffa97a60000 - 0x00007ffa97a72000 	C:\Windows\SYSTEM32\kernel.appcore.dll
0x00007ffa8af20000 - 0x00007ffa8af2a000 	C:\Program Files\Java\jdk-17\bin\jimage.dll
0x00007ffa97820000 - 0x00007ffa97a04000 	C:\Windows\SYSTEM32\DBGHELP.DLL
0x00007ffa94ff0000 - 0x00007ffa95024000 	C:\Windows\SYSTEM32\dbgcore.DLL
0x00007ffa9a440000 - 0x00007ffa9a4c2000 	C:\Windows\System32\bcryptPrimitives.dll
0x00007ffa8a320000 - 0x00007ffa8a32e000 	C:\Program Files\Java\jdk-17\bin\instrument.dll
0x00007ffa89220000 - 0x00007ffa89245000 	C:\Program Files\Java\jdk-17\bin\java.dll
0x00007ffa63350000 - 0x00007ffa63427000 	C:\Program Files\Java\jdk-17\bin\jsvml.dll
0x00007ffa9abe0000 - 0x00007ffa9b324000 	C:\Windows\System32\SHELL32.dll
0x00007ffa97bf0000 - 0x00007ffa9838b000 	C:\Windows\SYSTEM32\windows.storage.dll
0x00007ffa9b460000 - 0x00007ffa9b7b4000 	C:\Windows\System32\combase.dll
0x00007ffa99590000 - 0x00007ffa995bd000 	C:\Windows\SYSTEM32\Wldp.dll
0x00007ffa9ab30000 - 0x00007ffa9abdd000 	C:\Windows\System32\SHCORE.dll
0x00007ffa9c3d0000 - 0x00007ffa9c425000 	C:\Windows\System32\shlwapi.dll
0x00007ffa99a80000 - 0x00007ffa99aa5000 	C:\Windows\SYSTEM32\profapi.dll
0x00007ffa844c0000 - 0x00007ffa844d8000 	C:\Program Files\Java\jdk-17\bin\zip.dll
0x00007ffa8a2a0000 - 0x00007ffa8a2b9000 	C:\Program Files\Java\jdk-17\bin\net.dll
0x00007ffa90b40000 - 0x00007ffa90c4a000 	C:\Windows\SYSTEM32\WINHTTP.dll
0x00007ffa992f0000 - 0x00007ffa9935a000 	C:\Windows\system32\mswsock.dll
0x00007ffa855a0000 - 0x00007ffa855b6000 	C:\Program Files\Java\jdk-17\bin\nio.dll
0x00007ffa89a80000 - 0x00007ffa89a9a000 	C:\Program Files\JetBrains\IntelliJ IDEA Community Edition 2023.2.1\bin\breakgen64.dll
0x00007ffa96b70000 - 0x00007ffa96b7a000 	C:\Program Files\Java\jdk-17\bin\management.dll
0x00007ffa8a660000 - 0x00007ffa8a66b000 	C:\Program Files\Java\jdk-17\bin\management_ext.dll
0x00007ffa994e0000 - 0x00007ffa994f8000 	C:\Windows\SYSTEM32\CRYPTSP.dll
0x00007ffa98b90000 - 0x00007ffa98bc4000 	C:\Windows\system32\rsaenh.dll
0x00007ffa9a090000 - 0x00007ffa9a0b7000 	C:\Windows\System32\bcrypt.dll
0x00007ffa99a40000 - 0x00007ffa99a6e000 	C:\Windows\SYSTEM32\USERENV.dll
0x00007ffa99500000 - 0x00007ffa9950c000 	C:\Windows\SYSTEM32\CRYPTBASE.dll
0x00007ffa98f90000 - 0x00007ffa98fcb000 	C:\Windows\SYSTEM32\IPHLPAPI.DLL
0x00007ffa9a8b0000 - 0x00007ffa9a8b8000 	C:\Windows\System32\NSI.dll
0x00007ffa8c880000 - 0x00007ffa8c897000 	C:\Windows\SYSTEM32\dhcpcsvc6.DLL
0x00007ffa8c370000 - 0x00007ffa8c38d000 	C:\Windows\SYSTEM32\dhcpcsvc.DLL
0x00007ffa98fe0000 - 0x00007ffa990aa000 	C:\Windows\SYSTEM32\DNSAPI.dll
0x00007ffa8a650000 - 0x00007ffa8a65e000 	C:\Program Files\Java\jdk-17\bin\sunmscapi.dll
0x00007ffa9a270000 - 0x00007ffa9a3cd000 	C:\Windows\System32\CRYPT32.dll
0x00007ffa99600000 - 0x00007ffa99627000 	C:\Windows\SYSTEM32\ncrypt.dll
0x00007ffa995c0000 - 0x00007ffa995fb000 	C:\Windows\SYSTEM32\NTASN1.dll
0x00007ffa8aa20000 - 0x00007ffa8aa30000 	C:\Program Files\Java\jdk-17\bin\verify.dll
0x00007ffa8cb90000 - 0x00007ffa8cb9a000 	C:\Windows\System32\rasadhlp.dll
0x00007ffa8be00000 - 0x00007ffa8be82000 	C:\Windows\System32\fwpuclnt.dll
0x00007ffa84510000 - 0x00007ffa84517000 	C:\Windows\system32\wshunix.dll

dbghelp: loaded successfully - version: 4.0.5 - missing functions: none
symbol engine: initialized successfully - sym options: 0x614 - pdb path: .;C:\Program Files\Java\jdk-17\bin;C:\Windows\SYSTEM32;C:\Windows\WinSxS\amd64_microsoft.windows.common-controls_6595b64144ccf1df_6.0.19041.3570_none_60bb2a3971f3e41a;C:\Program Files\Java\jdk-17\bin\server;C:\Program Files\JetBrains\IntelliJ IDEA Community Edition 2023.2.1\bin

VM Arguments:
jvm_args: -javaagent:C:\Program Files\JetBrains\IntelliJ IDEA Community Edition 2023.2.1\lib\idea_rt.jar=59035:C:\Program Files\JetBrains\IntelliJ IDEA Community Edition 2023.2.1\bin -Dfile.encoding=UTF-8 
java_command: com.anonymity.topictalks.TopicTalksBackEndApplication
java_class_path (initial): D:\Do_An\topictalks_backend_v1.1\target\classes;C:\Users\truongquangtan\.m2\repository\org\springframework\boot\spring-boot-starter-data-jpa\3.1.3\spring-boot-starter-data-jpa-3.1.3.jar;C:\Users\truongquangtan\.m2\repository\org\springframework\boot\spring-boot-starter-aop\3.1.3\spring-boot-starter-aop-3.1.3.jar;C:\Users\truongquangtan\.m2\repository\org\aspectj\aspectjweaver\1.9.20\aspectjweaver-1.9.20.jar;C:\Users\truongquangtan\.m2\repository\org\springframework\boot\spring-boot-starter-jdbc\3.1.3\spring-boot-starter-jdbc-3.1.3.jar;C:\Users\truongquangtan\.m2\repository\com\zaxxer\HikariCP\5.0.1\HikariCP-5.0.1.jar;C:\Users\truongquangtan\.m2\repository\org\springframework\spring-jdbc\6.0.11\spring-jdbc-6.0.11.jar;C:\Users\truongquangtan\.m2\repository\org\hibernate\orm\hibernate-core\6.2.7.Final\hibernate-core-6.2.7.Final.jar;C:\Users\truongquangtan\.m2\repository\jakarta\persistence\jakarta.persistence-api\3.1.0\jakarta.persistence-api-3.1.0.jar;C:\Users\truongquangtan\.m2\repository\jakarta\transaction\jakarta.transaction-api\2.0.1\jakarta.transaction-api-2.0.1.jar;C:\Users\truongquangtan\.m2\repository\org\jboss\logging\jboss-logging\3.5.3.Final\jboss-logging-3.5.3.Final.jar;C:\Users\truongquangtan\.m2\repository\org\hibernate\common\hibernate-commons-annotations\6.0.6.Final\hibernate-commons-annotations-6.0.6.Final.jar;C:\Users\truongquangtan\.m2\repository\io\smallrye\jandex\3.0.5\jandex-3.0.5.jar;C:\Users\truongquangtan\.m2\repository\com\fasterxml\classmate\1.5.1\classmate-1.5.1.jar;C:\Users\truongquangtan\.m2\repository\net\bytebuddy\byte-buddy\1.14.6\byte-buddy-1.14.6.jar;C:\Users\truongquangtan\.m2\repository\org\glassfish\jaxb\jaxb-runtime\4.0.3\jaxb-runtime-4.0.3.jar;C:\Users\truongquangtan\.m2\repository\org\glassfish\jaxb\jaxb-core\4.0.3\jaxb-core-4.0.3.jar;C:\Users\truongquangtan\.m2\repository\org\glassfish\jaxb\txw2\4.0.3\txw2-4.0.3.jar;C:\Users\truongquangtan\.m2\repository\com\sun\istack\istack-commons-runtime\4.1.2
Launcher Type: SUN_STANDARD

[Global flags]
     intx CICompilerCount                          = 4                                         {product} {ergonomic}
     uint ConcGCThreads                            = 3                                         {product} {ergonomic}
     uint G1ConcRefinementThreads                  = 10                                        {product} {ergonomic}
   size_t G1HeapRegionSize                         = 1048576                                   {product} {ergonomic}
    uintx GCDrainStackTargetSize                   = 64                                        {product} {ergonomic}
   size_t InitialHeapSize                          = 132120576                                 {product} {ergonomic}
   size_t MarkStackSize                            = 4194304                                   {product} {ergonomic}
   size_t MaxHeapSize                              = 2090860544                                {product} {ergonomic}
   size_t MaxNewSize                               = 1254096896                                {product} {ergonomic}
   size_t MinHeapDeltaBytes                        = 1048576                                   {product} {ergonomic}
   size_t MinHeapSize                              = 8388608                                   {product} {ergonomic}
    uintx NonNMethodCodeHeapSize                   = 5839372                                {pd product} {ergonomic}
    uintx NonProfiledCodeHeapSize                  = 122909434                              {pd product} {ergonomic}
    uintx ProfiledCodeHeapSize                     = 122909434                              {pd product} {ergonomic}
    uintx ReservedCodeCacheSize                    = 251658240                              {pd product} {ergonomic}
     bool SegmentedCodeCache                       = true                                      {product} {ergonomic}
   size_t SoftMaxHeapSize                          = 2090860544                             {manageable} {ergonomic}
     bool UseCompressedClassPointers               = true                           {product lp64_product} {ergonomic}
     bool UseCompressedOops                        = true                           {product lp64_product} {ergonomic}
     bool UseG1GC                                  = true                                      {product} {ergonomic}
     bool UseLargePagesIndividualAllocation        = false                                  {pd product} {ergonomic}

Logging:
Log output configuration:
 #0: stdout all=warning uptime,level,tags
 #1: stderr all=off uptime,level,tags

Environment Variables:
PATH=C:\Program Files\Common Files\Oracle\Java\javapath;C:\Windows\system32;C:\Windows;C:\Windows\System32\Wbem;C:\Windows\System32\WindowsPowerShell\v1.0\;C:\Windows\System32\OpenSSH\;C:\Program Files\dotnet\;C:\Program Files\nodejs\;C:\Program Files\Git\cmd;C:\Program Files\MySQL\MySQL Shell 8.0\bin\;C:\Users\truongquangtan\AppData\Local\Microsoft\WindowsApps;C:\Users\truongquangtan\AppData\Roaming\npm;C:\Users\truongquangtan\AppData\Local\Programs\Microsoft VS Code\bin;C:\Program Files\JetBrains\IntelliJ IDEA Community Edition 2023.2.1\bin;
USERNAME=truongquangtan
OS=Windows_NT
PROCESSOR_IDENTIFIER=Intel64 Family 6 Model 158 Stepping 10, GenuineIntel



---------------  S Y S T E M  ---------------

OS:
 Windows 10 , 64 bit Build 19041 (10.0.19041.3570)
OS uptime: 4 days 9:13 hours

CPU: total 12 (initial active 12) (6 cores per cpu, 2 threads per core) family 6 model 158 stepping 10 microcode 0xf0, cx8, cmov, fxsr, ht, mmx, 3dnowpref, sse, sse2, sse3, ssse3, sse4.1, sse4.2, popcnt, lzcnt, tsc, tscinvbit, avx, avx2, aes, erms, clmul, bmi1, bmi2, adx, fma, vzeroupper, clflush, clflushopt

Memory: 4k page, system-wide physical 7970M (150M free)
TotalPageFile size 20770M (AvailPageFile size 5M)
current process WorkingSet (physical memory assigned to process): 223M, peak: 391M
current process commit charge ("private bytes"): 654M, peak: 655M

vm_info: Java HotSpot(TM) 64-Bit Server VM (17.0.8+9-LTS-211) for windows-amd64 JRE (17.0.8+9-LTS-211), built on Jun 14 2023 10:34:31 by "mach5one" with MS VC++ 17.1 (VS2022)

END.
